/home/sc.uni-leipzig.de/fk67rahe/.local/lib/python3.13/site-packages/torch/_compile.py:54: UserWarning: optimizer contains a parameter group with duplicate parameters; in future, this will cause an error; see github.com/pytorch/pytorch/issues/40967 for more information
  return disable_fn(*args, **kwargs)
wandb: WARNING `start_method` is deprecated and will be removed in a future version of wandb. This setting is currently non-functional and safely ignored.
wandb: [wandb.login()] Loaded credentials for https://api.wandb.ai from /home/sc.uni-leipzig.de/fk67rahe/.netrc.
wandb: Currently logged in as: koe-f (koe-f-no) to https://api.wandb.ai. Use `wandb login --relogin` to force relogin
wandb: setting up run bfvv4j78
wandb: Tracking run with wandb version 0.25.1
wandb: Run data is saved locally in /home/sc.uni-leipzig.de/fk67rahe/genesis_v04/prototyp_obstacle_avoidance/wandb/run-20260329_185235-bfvv4j78
wandb: Run `wandb offline` to turn off syncing.
wandb: Syncing run rostock_02
wandb: 猸愶笍 View project at https://wandb.ai/koe-f-no/obstacle-avoidance
wandb: 馃殌 View run at https://wandb.ai/koe-f-no/obstacle-avoidance/runs/bfvv4j78
wandb: WARNING Symlinked 1 file into the W&B run directory; call wandb.save again to sync new files.
wandb: WARNING Symlinked 1 file into the W&B run directory; call wandb.save again to sync new files.
wandb: WARNING Symlinked 1 file into the W&B run directory; call wandb.save again to sync new files.
wandb: WARNING Symlinked 1 file into the W&B run directory; call wandb.save again to sync new files.
wandb: WARNING Symlinked 1 file into the W&B run directory; call wandb.save again to sync new files.
wandb: WARNING Symlinked 1 file into the W&B run directory; call wandb.save again to sync new files.
wandb: updating run metadata
wandb: uploading model_499.pt; uploading output.log; uploading wandb-summary.json; uploading config.yaml
wandb: uploading model_499.pt; uploading output.log
wandb: uploading model_499.pt
wandb: 
wandb: Run history:
wandb:         Episode/action_mean_ax 鈻傗杺鈻傗杻鈻傗枅鈻冣杺鈻傗杺鈻佲杹鈻佲杺鈻佲杺鈻佲杻鈻冣杻鈻冣杽鈻呪枀鈻嗏枂鈻嗏枂鈻嗏枂鈻嗏枂鈻嗏枂鈻嗏枂鈻嗏枂鈻嗏枂
wandb:         Episode/action_mean_ay 鈻勨杻鈻勨杽鈻冣杽鈻嗏枀鈻冣枅鈻嗏枀鈻勨枀鈻勨杽鈻冣杽鈻勨杻鈻冣杻鈻冣杻鈻傗杻鈻冣杻鈻勨杻鈻佲杹鈻佲杹鈻傗杺鈻傗杺鈻傗杺
wandb:       Episode/action_mean_ayaw 鈻呪杺鈻団杽鈻佲枀鈻勨杻鈻冣杺鈻傗杻鈻冣杺鈻冣杻鈻冣杻鈻冣杽鈻呪枀鈻嗏枃鈻堚枅鈻堚枃鈻嗏枃鈻嗏枂鈻嗏枂鈻嗏枃鈻団枃鈻団枃
wandb:         Episode/action_mean_az 鈻呪枀鈻嗏杻鈻冣枅鈻団枃鈻嗏枃鈻嗏枂鈻嗏枂鈻嗏枂鈻嗏枀鈻冣杺鈻佲杹鈻佲杹鈻佲杹鈻佲杹鈻佲杹鈻佲杹鈻佲杹鈻佲杹鈻佲杹鈻佲杹
wandb: Episode/action_saturation_rate 鈻呪枀鈻嗏枃鈻嗏枂鈻呪枃鈻団枅鈻堚枅鈻団枃鈻堚枅鈻団枃鈻団枃鈻嗏枂鈻呪杽鈻佲杹鈻佲杹鈻佲杹鈻佲杹鈻佲杹鈻佲杹鈻佲杹鈻佲杹
wandb:          Episode/obs_clip_rate 鈻嗏枃鈻団枃鈻嗏枃鈻堚枅鈻団枃鈻団枃鈻団枃鈻団枂鈻呪杽鈻傗杺鈻傗杺鈻佲杹鈻佲杹鈻佲杹鈻佲杹鈻佲杹鈻佲杹鈻佲杹鈻佲杹鈻佲杹
wandb:              Episode/rew_crash 鈻勨杺鈻傗杽鈻傗杻鈻呪枂鈻冣枅鈻呪杽鈻冣杻鈻冣杽鈻勨枀鈻勨杹鈻佲杹鈻佲杹鈻佲杹鈻佲杹鈻佲杹鈻佲杹鈻佲杹鈻佲杹鈻佲杹鈻佲杹
wandb:  Episode/rew_distance_absolute 鈻呪杽鈻冣杻鈻冣杺鈻佲杹鈻傗杻鈻傗杹鈻佲杹鈻傗杹鈻傗杺鈻佲杺鈻冣杻鈻嗏枅鈻堚枅鈻堚枅鈻堚枅鈻堚枅鈻堚枅鈻堚枅鈻堚枅鈻堚枅
wandb: Episode/rew_obstacle_proximity 鈻佲杹鈻佲杹鈻佲杹鈻佲杹鈻佲杹鈻佲杹鈻佲杹鈻佲杹鈻佲杹鈻佲杹鈻佲杹鈻佲杹鈻佲杹鈻佲杹鈻佲杹鈻佲杹鈻佲杹鈻佲杹鈻佲杹鈻佲杹
wandb:            Episode/rew_success 鈻佲杹鈻佲杹鈻佲杹鈻佲杹鈻佲杹鈻佲杹鈻佲杹鈻佲杹鈻佲杹鈻佲杹鈻佲杹鈻佲杹鈻佲杹鈻佲杹鈻佲杹鈻佲杹鈻佲杹鈻佲杹鈻佲杹鈻佲杹
wandb:                            +12 ...
wandb: 
wandb: Run summary:
wandb:         Episode/action_mean_ax 3.2483
wandb:         Episode/action_mean_ay -1.12771
wandb:       Episode/action_mean_ayaw 1.18617
wandb:         Episode/action_mean_az -3.4047
wandb: Episode/action_saturation_rate 3.40798
wandb:          Episode/obs_clip_rate 1.3741
wandb:              Episode/rew_crash -3.33333
wandb:  Episode/rew_distance_absolute -0.11739
wandb: Episode/rew_obstacle_proximity 0
wandb:            Episode/rew_success 0
wandb:                            +12 ...
wandb: 
wandb: 馃殌 View run rostock_02 at: https://wandb.ai/koe-f-no/obstacle-avoidance/runs/bfvv4j78
wandb: 猸愶笍 View project at: https://wandb.ai/koe-f-no/obstacle-avoidance
wandb: Synced 5 W&B file(s), 0 media file(s), 0 artifact file(s) and 6 other file(s)
wandb: Find logs at: ./wandb/run-20260329_185235-bfvv4j78/logs
