wandb: WARNING `start_method` is deprecated and will be removed in a future version of wandb. This setting is currently non-functional and safely ignored.
wandb: [wandb.login()] Loaded credentials for https://api.wandb.ai from /home/sc.uni-leipzig.de/fk67rahe/.netrc.
wandb: Currently logged in as: koe-f (koe-f-no) to https://api.wandb.ai. Use `wandb login --relogin` to force relogin
wandb: setting up run zcggduth
wandb: Tracking run with wandb version 0.25.1
wandb: Run data is saved locally in /home/sc.uni-leipzig.de/fk67rahe/genesis_v04/prototyp_global_coordinate/wandb/run-20260330_145440-zcggduth
wandb: Run `wandb offline` to turn off syncing.
wandb: Syncing run einraeumen_test_02
wandb: 猸愶笍 View project at https://wandb.ai/koe-f-no/drone-landing
wandb: 馃殌 View run at https://wandb.ai/koe-f-no/drone-landing/runs/zcggduth
wandb: WARNING Symlinked 1 file into the W&B run directory; call wandb.save again to sync new files.
wandb: WARNING Symlinked 1 file into the W&B run directory; call wandb.save again to sync new files.
wandb: WARNING Symlinked 1 file into the W&B run directory; call wandb.save again to sync new files.
wandb: WARNING Symlinked 1 file into the W&B run directory; call wandb.save again to sync new files.
wandb: WARNING Symlinked 1 file into the W&B run directory; call wandb.save again to sync new files.
wandb: updating run metadata
wandb: uploading output.log; uploading wandb-summary.json; uploading config.yaml; uploading model_400.pt
wandb: uploading output.log; uploading model_400.pt
wandb: uploading history steps 397-400, summary, console lines 11546-11633
wandb: 
wandb: Run history:
wandb:         Episode/action_mean_ax 鈻佲杹鈻傗杻鈻勨杽鈻嗏枂鈻団枃鈻嗏枂鈻呪枂鈻嗏枂鈻団枂鈻団枅鈻堚枅鈻団枅鈻団枃鈻団枃鈻団枃鈻団枃鈻団枃鈻団枃鈻堚枅鈻堚枅
wandb:         Episode/action_mean_ay 鈻勨枀鈻嗏枂鈻嗏枅鈻堚枀鈻勨枀鈻傗杺鈻佲杹鈻傗杻鈻冣杻鈻冣杻鈻冣杽鈻勨杽鈻勨杽鈻勨杽鈻冣杽鈻勨杻鈻冣杻鈻勨杽鈻冣杽鈻勨杽
wandb:       Episode/action_mean_ayaw 鈻傗枅鈻冣杺鈻傗杺鈻傗杹鈻佲杹鈻佲杹鈻佲杹鈻佲杹鈻佲杹鈻佲杹鈻佲杹鈻佲杹鈻佲杹鈻佲杹鈻佲杹鈻佲杹鈻佲杹鈻佲杹鈻佲杹鈻佲杹
wandb:         Episode/action_mean_az 鈻佲枃鈻団枅鈻堚枅鈻堚枅鈻堚枅鈻堚枅鈻堚枅鈻堚枅鈻堚枅鈻堚枅鈻堚枅鈻堚枅鈻堚枅鈻堚枅鈻堚枅鈻堚枅鈻堚枅鈻堚枅鈻堚枅鈻堚枅
wandb: Episode/action_saturation_rate 鈻佲枅鈻堚枀鈻呪杽鈻勨杽鈻勨杽鈻勨杽鈻勨杽鈻勨杽鈻勨杽鈻勨杽鈻勨杽鈻勨杽鈻勨杽鈻勨杽鈻勨杽鈻勨杽鈻勨杽鈻勨杽鈻勨杽鈻勨杽
wandb:          Episode/obs_clip_rate 鈻堚杺鈻佲杹鈻佲杹鈻佲杹鈻佲杹鈻佲杹鈻佲杹鈻佲杹鈻佲杹鈻佲杹鈻佲杹鈻佲杹鈻佲杹鈻佲杹鈻佲杹鈻佲杹鈻佲杹鈻佲杹鈻佲杹鈻佲杹
wandb:              Episode/rew_crash 鈻堚枀鈻嗏枅鈻佲杹鈻佲杹鈻佲杹鈻佲杹鈻佲杹鈻佲杹鈻佲杹鈻佲杹鈻佲杹鈻佲杹鈻佲杹鈻佲杹鈻佲杹鈻佲杹鈻佲杹鈻佲杹鈻佲杹鈻佲杹
wandb:           Episode/rew_distance 鈻佲杺鈻嗏枂鈻団枃鈻堚枅鈻堚枅鈻堚枅鈻堚枅鈻堚枅鈻堚枅鈻堚枅鈻堚枅鈻堚枅鈻堚枅鈻堚枅鈻堚枅鈻堚枅鈻堚枅鈻堚枅鈻堚枅鈻堚枅
wandb:            Episode/rew_success 鈻佲杹鈻佲杹鈻佲杹鈻佲杹鈻佲杹鈻佲杹鈻佲杹鈻佲杹鈻佲杹鈻佲杹鈻佲杹鈻佲杹鈻佲杹鈻佲杹鈻佲杹鈻佲杹鈻佲杹鈻佲杹鈻佲杹鈻佲杹
wandb:               Episode/rew_time 鈻佲杺鈻勨枀鈻団枅鈻堚枅鈻堚枅鈻堚枅鈻堚枅鈻堚枅鈻堚枅鈻堚枅鈻堚枅鈻堚枅鈻堚枅鈻堚枅鈻堚枅鈻堚枅鈻堚枅鈻堚枅鈻堚枅鈻堚枅
wandb:                            +11 ...
wandb: 
wandb: Run summary:
wandb:         Episode/action_mean_ax 0.28568
wandb:         Episode/action_mean_ay -0.08126
wandb:       Episode/action_mean_ayaw 0.0071
wandb:         Episode/action_mean_az -1.99999
wandb: Episode/action_saturation_rate 2
wandb:          Episode/obs_clip_rate 1
wandb:              Episode/rew_crash -3.33333
wandb:           Episode/rew_distance -4.41184
wandb:            Episode/rew_success 0
wandb:               Episode/rew_time -0.1
wandb:                            +11 ...
wandb: 
wandb: 馃殌 View run einraeumen_test_02 at: https://wandb.ai/koe-f-no/drone-landing/runs/zcggduth
wandb: 猸愶笍 View project at: https://wandb.ai/koe-f-no/drone-landing
wandb: Synced 5 W&B file(s), 0 media file(s), 0 artifact file(s) and 5 other file(s)
wandb: Find logs at: ./wandb/run-20260330_145440-zcggduth/logs
