wandb: WARNING `start_method` is deprecated and will be removed in a future version of wandb. This setting is currently non-functional and safely ignored.
wandb: [wandb.login()] Loaded credentials for https://api.wandb.ai from /home/sc.uni-leipzig.de/fk67rahe/.netrc.
wandb: Currently logged in as: koe-f (koe-f-no) to https://api.wandb.ai. Use `wandb login --relogin` to force relogin
wandb: setting up run shso7fag
wandb: Tracking run with wandb version 0.25.1
wandb: Run data is saved locally in /home/sc.uni-leipzig.de/fk67rahe/genesis_v04/prototyp_global_coordinate/wandb/run-20260321_074854-shso7fag
wandb: Run `wandb offline` to turn off syncing.
wandb: Syncing run new_version
wandb: ‚≠źÔłŹ View project at https://wandb.ai/koe-f-no/drone-landing
wandb: ūüöÄ View run at https://wandb.ai/koe-f-no/drone-landing/runs/shso7fag
wandb: WARNING Symlinked 1 file into the W&B run directory; call wandb.save again to sync new files.
wandb: WARNING Symlinked 1 file into the W&B run directory; call wandb.save again to sync new files.
wandb: WARNING Symlinked 1 file into the W&B run directory; call wandb.save again to sync new files.
wandb: WARNING Symlinked 1 file into the W&B run directory; call wandb.save again to sync new files.
wandb: WARNING Symlinked 1 file into the W&B run directory; call wandb.save again to sync new files.
wandb: updating run metadata
wandb: uploading model_400.pt; uploading output.log; uploading wandb-summary.json; uploading config.yaml
wandb: uploading model_400.pt; uploading output.log
wandb: 
wandb: Run history:
wandb:    Episode/rew_crash ‚Ėą‚Ėą‚Ėą‚Ėą‚Ėą‚Ėą‚Ėą‚Ėą‚Ėą‚ĖÉ‚ĖĀ‚ĖÜ‚ĖĄ‚Ėą‚ĖÖ‚Ėą‚Ėą‚Ėą‚Ėą‚Ėą‚Ėą‚Ėą‚Ėą‚Ėą‚Ėą‚Ėą‚Ėą‚Ėą‚Ėą‚Ėą‚Ėą‚Ėą‚Ėą‚Ėą‚Ėą‚Ėą‚Ėá‚Ėą‚Ėą‚Ėą
wandb: Episode/rew_distance ‚ĖÜ‚ĖÖ‚Ėā‚ĖĀ‚ĖĀ‚ĖĀ‚ĖĀ‚ĖĀ‚ĖÖ‚Ėá‚Ėá‚Ėą‚Ėą‚Ėą‚Ėą‚Ėą‚Ėą‚Ėą‚Ėą‚Ėą‚Ėą‚Ėą‚Ėą‚Ėą‚Ėą‚Ėą‚Ėą‚Ėą‚Ėą‚Ėą‚Ėą‚Ėą‚Ėą‚Ėą‚Ėą‚Ėą‚Ėą‚Ėą‚Ėą‚Ėą
wandb:  Episode/rew_success ‚ĖĀ‚ĖĀ‚ĖĀ‚ĖĀ‚ĖĀ‚ĖĀ‚ĖĀ‚ĖĀ‚ĖĀ‚ĖĀ‚ĖĀ‚ĖĀ‚ĖĀ‚ĖĀ‚ĖĀ‚ĖĀ‚ĖĀ‚Ėą‚Ėą‚Ėą‚Ėą‚ĖÉ‚ĖÖ‚ĖÜ‚ĖÜ‚Ėą‚Ėą‚Ėą‚Ėą‚Ėą‚Ėą‚Ėą‚Ėą‚Ėą‚Ėą‚Ėą‚Ėą‚Ėą‚Ėą‚Ėą
wandb:     Episode/rew_time ‚Ėą‚ĖĀ‚ĖĀ‚ĖĀ‚ĖĀ‚ĖÜ‚ĖĀ‚ĖÉ‚Ėā‚ĖĀ‚ĖĀ‚ĖĀ‚ĖĀ‚ĖĄ‚ĖÖ‚ĖÜ‚ĖÜ‚ĖÜ‚ĖÜ‚ĖÜ‚ĖĄ‚ĖÉ‚ĖĄ‚ĖĄ‚ĖÜ‚ĖÜ‚ĖÜ‚ĖÜ‚ĖÜ‚ĖĄ‚Ėá‚ĖÜ‚ĖÜ‚ĖÜ‚ĖÜ‚Ėá‚ĖÜ‚ĖÜ‚ĖÜ‚Ėá
wandb:         Loss/entropy ‚Ėą‚Ėą‚Ėą‚Ėą‚Ėą‚Ėą‚Ėą‚Ėą‚Ėą‚Ėą‚Ėą‚Ėą‚Ėą‚Ėą‚Ėą‚Ėą‚Ėá‚Ėá‚Ėá‚Ėá‚Ėá‚ĖÜ‚ĖÜ‚ĖÜ‚ĖÖ‚ĖÖ‚ĖĄ‚ĖĄ‚ĖĄ‚ĖĄ‚ĖĄ‚ĖĄ‚ĖĄ‚ĖÉ‚ĖÉ‚ĖÉ‚Ėā‚Ėā‚Ėā‚ĖĀ
wandb:   Loss/learning_rate ‚Ėą‚Ėą‚Ėą‚Ėą‚Ėą‚Ėą‚Ėą‚Ėą‚Ėą‚Ėą‚Ėą‚Ėą‚Ėą‚ĖĄ‚Ėą‚Ėą‚Ėą‚Ėą‚Ėą‚Ėą‚Ėą‚Ėą‚Ėą‚ĖĀ‚Ėą‚Ėą‚Ėą‚Ėą‚Ėą‚Ėą‚ĖĄ‚Ėą‚Ėą‚Ėą‚ĖĄ‚ĖĀ‚ĖĄ‚ĖĄ‚Ėą‚Ėą
wandb:       Loss/surrogate ‚ĖÉ‚ĖÉ‚ĖÉ‚ĖÉ‚ĖÉ‚ĖÉ‚ĖÉ‚Ėą‚Ėā‚Ėā‚Ėā‚Ėā‚ĖĀ‚Ėá‚ĖĀ‚ĖÉ‚ĖĄ‚ĖÉ‚ĖÉ‚ĖÉ‚ĖĄ‚ĖÉ‚ĖĄ‚ĖÉ‚ĖĄ‚ĖÉ‚ĖÉ‚ĖÉ‚ĖÉ‚ĖÉ‚ĖÜ‚ĖÖ‚ĖĄ‚ĖĄ‚ĖĄ‚ĖÉ‚ĖĄ‚ĖÉ‚Ėá‚ĖÜ
wandb:           Loss/value ‚Ėā‚Ėā‚ĖĀ‚ĖĀ‚ĖĀ‚ĖĀ‚ĖĀ‚Ėā‚ĖĀ‚ĖĀ‚ĖĀ‚ĖĀ‚ĖĀ‚ĖĀ‚ĖĀ‚Ėá‚ĖÜ‚ĖÉ‚ĖÉ‚ĖÉ‚Ėą‚ĖÖ‚ĖÖ‚ĖĄ‚ĖÖ‚ĖÖ‚ĖÖ‚ĖÖ‚ĖÉ‚ĖÖ‚ĖÉ‚ĖÖ‚ĖÉ‚ĖÉ‚ĖÉ‚Ėā‚ĖĄ‚ĖĄ‚Ėā‚Ėā
wandb: Perf/collection_time ‚ĖÖ‚ĖÖ‚ĖÖ‚ĖÖ‚ĖÖ‚ĖÜ‚ĖÖ‚Ėá‚ĖÜ‚Ėá‚ĖĀ‚Ėā‚Ėā‚ĖÜ‚Ėá‚Ėá‚Ėá‚ĖÜ‚ĖÜ‚Ėá‚Ėá‚Ėá‚Ėą‚Ėá‚Ėá‚ĖÜ‚ĖÖ‚ĖÜ‚Ėá‚ĖĄ‚Ėá‚Ėá‚Ėá‚Ėá‚Ėą‚Ėą‚Ėá‚Ėą‚Ėá‚Ėą
wandb:   Perf/learning_time ‚Ėā‚Ėā‚ĖÉ‚ĖÉ‚ĖÉ‚Ėā‚ĖÉ‚ĖÉ‚ĖÉ‚ĖÉ‚ĖÉ‚Ėā‚Ėą‚Ėá‚Ėá‚ĖÖ‚ĖÜ‚Ėą‚Ėá‚Ėą‚ĖÉ‚ĖĀ‚ĖĀ‚Ėā‚Ėā‚Ėā‚Ėą‚Ėā‚Ėá‚Ėą‚Ėą‚Ėā‚ĖĀ‚ĖÉ‚Ėā‚ĖÉ‚Ėā‚ĖÉ‚ĖÉ‚Ėā
wandb:                   +4 ...
wandb: 
wandb: Run summary:
wandb:    Episode/rew_crash -0.01032
wandb: Episode/rew_distance -4.78203
wandb:  Episode/rew_success 6.64603
wandb:     Episode/rew_time -0.09916
wandb:         Loss/entropy 2.05348
wandb:   Loss/learning_rate 0.01
wandb:       Loss/surrogate 0.0013
wandb:           Loss/value 68.70436
wandb: Perf/collection_time 1.23977
wandb:   Perf/learning_time 0.20129
wandb:                   +4 ...
wandb: 
wandb: ūüöÄ View run new_version at: https://wandb.ai/koe-f-no/drone-landing/runs/shso7fag
wandb: ‚≠źÔłŹ View project at: https://wandb.ai/koe-f-no/drone-landing
wandb: Synced 5 W&B file(s), 0 media file(s), 0 artifact file(s) and 5 other file(s)
wandb: Find logs at: ./wandb/run-20260321_074854-shso7fag/logs
