wandb: WARNING `start_method` is deprecated and will be removed in a future version of wandb. This setting is currently non-functional and safely ignored.
wandb: [wandb.login()] Loaded credentials for https://api.wandb.ai from /home/sc.uni-leipzig.de/fk67rahe/.netrc.
wandb: Currently logged in as: koe-f (koe-f-no) to https://api.wandb.ai. Use `wandb login --relogin` to force relogin
wandb: setting up run kpsnqk85
wandb: Tracking run with wandb version 0.25.1
wandb: Run data is saved locally in /home/sc.uni-leipzig.de/fk67rahe/genesis_v04/prototyp_global_coordinate/wandb/run-20260321_081337-kpsnqk85
wandb: Run `wandb offline` to turn off syncing.
wandb: Syncing run two_nodes
wandb: 猸愶笍 View project at https://wandb.ai/koe-f-no/drone-landing
wandb: 馃殌 View run at https://wandb.ai/koe-f-no/drone-landing/runs/kpsnqk85
wandb: WARNING Symlinked 1 file into the W&B run directory; call wandb.save again to sync new files.
wandb: WARNING Symlinked 1 file into the W&B run directory; call wandb.save again to sync new files.
wandb: WARNING Symlinked 1 file into the W&B run directory; call wandb.save again to sync new files.
wandb: WARNING Symlinked 1 file into the W&B run directory; call wandb.save again to sync new files.
wandb: WARNING Symlinked 1 file into the W&B run directory; call wandb.save again to sync new files.
wandb: updating run metadata
wandb: uploading output.log; uploading model_400.pt; uploading wandb-summary.json; uploading config.yaml
wandb: uploading output.log; uploading model_400.pt
wandb: 
wandb: Run history:
wandb:    Episode/rew_crash 鈻堚枅鈻堚枅鈻堚枅鈻堚枅鈻堚枅鈻団枂鈻呪枀鈻佲杹鈻佲杹鈻佲杹鈻佲杹鈻佲杹鈻佲杹鈻佲杹鈻佲杹鈻佲杹鈻佲杹鈻佲杹鈻佲杹鈻傗杹
wandb: Episode/rew_distance 鈻堚枂鈻嗏杽鈻冣杺鈻傗杹鈻傗枅鈻嗏枂鈻嗏枀鈻呪枀鈻呪枀鈻呪枀鈻呪枂鈻呪枀鈻呪枀鈻嗏枂鈻嗏枂鈻団枂鈻団枂鈻嗏枃鈻団枃鈻堚枃
wandb:  Episode/rew_success 鈻佲杹鈻佲杹鈻佲杹鈻佲杹鈻佲杹鈻佲杹鈻佲杹鈻佲杹鈻佲杹鈻佲杹鈻佲杹鈻佲杹鈻佲杹鈻佲杹鈻佲杹鈻佲杹鈻佲杹鈻佲杹鈻佲杹鈻佲杹
wandb:     Episode/rew_time 鈻堚枂鈻冣杹鈻佲杹鈻佲杹鈻佲枂鈻団枃鈻団枅鈻堚枅鈻団枂鈻嗏枀鈻呪枀鈻呪枀鈻嗏杽鈻呪枀鈻呪枀鈻嗏枀鈻呪枀鈻呪枂鈻嗏枂鈻嗏枂
wandb:         Loss/entropy 鈻堚枅鈻堚枃鈻堚枅鈻堚枅鈻堚枃鈻堚枅鈻堚枅鈻堚枅鈻堚枃鈻団枃鈻団枃鈻団枃鈻嗏枂鈻呪枀鈻勨杽鈻勨杽鈻冣杻鈻冣杺鈻傗杺鈻傗杹
wandb:   Loss/learning_rate 鈻佲杹鈻佲杹鈻佲杹鈻佲杹鈻佲杹鈻佲杹鈻佲杹鈻佲杹鈻佲杹鈻佲杹鈻佲杹鈻佲杹鈻佲杹鈻佲杹鈻佲杹鈻佲杹鈻佲杹鈻佲杹鈻佲杹鈻佲杹
wandb:       Loss/surrogate 鈻堚杻鈻傗杻鈻冣杺鈻傗杺鈻傗杺鈻嗏杹鈻佲杹鈻佲杹鈻傗杻鈻勨杹鈻傗杻鈻傗杹鈻佲杺鈻冣杺鈻冣杻鈻佲杹鈻傗杺鈻傗杽鈻傗杺鈻傗杻
wandb:           Loss/value 鈻呪枀鈻嗏枂鈻嗏枂鈻嗏枂鈻団枅鈻嗏枀鈻冣杻鈻冣杺鈻傗杺鈻傗杺鈻傗杺鈻傗杺鈻傗杺鈻傗杺鈻傗杺鈻佲杺鈻佲杹鈻佲杹鈻佲杹鈻佲杹
wandb: Perf/collection_time 鈻佲杺鈻傗杻鈻傗杻鈻冣杺鈻傗杻鈻嗏枃鈻嗏枂鈻団枃鈻堚枃鈻堚枃鈻団枃鈻団枃鈻堚枃鈻嗏枃鈻嗏枂鈻嗏枂鈻団枅鈻団枅鈻堚枃鈻嗏枃
wandb:   Perf/learning_time 鈻傗杻鈻傗杻鈻冣杻鈻堚杹鈻傗杹鈻傗杺鈻傗杹鈻傗杺鈻傗杹鈻冣杹鈻佲杺鈻佲杺鈻傗杺鈻傗杺鈻傗杺鈻佲杹鈻傗杹鈻傗杺鈻佲杺鈻佲杹
wandb:                   +4 ...
wandb: 
wandb: Run summary:
wandb:    Episode/rew_crash -3.28857
wandb: Episode/rew_distance -22.36312
wandb:  Episode/rew_success 0
wandb:     Episode/rew_time -0.21425
wandb:         Loss/entropy 3.30119
wandb:   Loss/learning_rate 0.00667
wandb:       Loss/surrogate -0.00109
wandb:           Loss/value 12.48021
wandb: Perf/collection_time 1.29305
wandb:   Perf/learning_time 0.1994
wandb:                   +4 ...
wandb: 
wandb: 馃殌 View run two_nodes at: https://wandb.ai/koe-f-no/drone-landing/runs/kpsnqk85
wandb: 猸愶笍 View project at: https://wandb.ai/koe-f-no/drone-landing
wandb: Synced 5 W&B file(s), 0 media file(s), 0 artifact file(s) and 5 other file(s)
wandb: Find logs at: ./wandb/run-20260321_081337-kpsnqk85/logs
