=== Starting training: Sat Mar 28 12:30:25 PM CET 2026 ===
Host: paula08.sc.uni-leipzig.de, GPU: NVIDIA A30
Experiment: 1hz_fixed_final, Seed: 0
[ObstacleAvoidanceEnv] Renderer: BatchRenderer (cfg='auto')
[38;5;226m[Genesis] [12:30:38] [WARNING] Falling back to legacy URDF parser. Default values of physics properties may be off:
Error: unknown or unsupported mesh file: '/home/sc.uni-leipzig.de/fk67rahe/genesis_v04/assets/robots/draugas/meshes/main_body.dae' - Element name 'main_body', id 0[0m
[38;5;226m[Genesis] [12:30:38] [WARNING] Some free joint has non-zero frictionloss, damping or armature parameters. Beware it is non-physical.[0m
[38;5;226m[Genesis] [12:30:44] [WARNING] Link 'prop0_link' has dubious mass 0.000 compared to the estimate from geometry 0.006 given material density 200.[0m
[38;5;226m[Genesis] [12:30:44] [WARNING] Ignoring inertia matrix of link 'prop0_link' because center of mass is not specified.[0m
[38;5;226m[Genesis] [12:30:44] [WARNING] Link 'prop1_link' has dubious mass 0.000 compared to the estimate from geometry 0.006 given material density 200.[0m
[38;5;226m[Genesis] [12:30:44] [WARNING] Ignoring inertia matrix of link 'prop1_link' because center of mass is not specified.[0m
[38;5;226m[Genesis] [12:30:44] [WARNING] Link 'prop2_link' has dubious mass 0.000 compared to the estimate from geometry 0.006 given material density 200.[0m
[38;5;226m[Genesis] [12:30:44] [WARNING] Ignoring inertia matrix of link 'prop2_link' because center of mass is not specified.[0m
[38;5;226m[Genesis] [12:30:44] [WARNING] Link 'prop3_link' has dubious mass 0.000 compared to the estimate from geometry 0.006 given material density 200.[0m
[38;5;226m[Genesis] [12:30:44] [WARNING] Ignoring inertia matrix of link 'prop3_link' because center of mass is not specified.[0m
--------------------------------------------------------------------------------
Resolved observation sets: 
	 actor :  ['state', 'depth']
	 critic :  ['state', 'depth']
--------------------------------------------------------------------------------
Actor Model: CNNModel(
  (obs_normalizer): EmpiricalNormalization()
  (distribution): GaussianDistribution()
  (mlp): MLP(
    (0): Linear(in_features=145, out_features=256, bias=True)
    (1): ELU(alpha=1.0)
    (2): Linear(in_features=256, out_features=256, bias=True)
    (3): ELU(alpha=1.0)
    (4): Linear(in_features=256, out_features=4, bias=True)
  )
  (cnns): ModuleDict(
    (depth): CNN(
      (0): Conv2d(1, 32, kernel_size=(8, 8), stride=(4, 4))
      (1): ELU(alpha=1.0)
      (2): Conv2d(32, 64, kernel_size=(4, 4), stride=(2, 2))
      (3): ELU(alpha=1.0)
      (4): Conv2d(64, 128, kernel_size=(3, 3), stride=(1, 1))
      (5): ELU(alpha=1.0)
      (6): AdaptiveAvgPool2d(output_size=(1, 1))
      (7): Flatten(start_dim=1, end_dim=-1)
    )
  )
)
Sharing CNN encoders between models, the CNN configurations of the receiving model are ignored.
Critic Model: CNNModel(
  (obs_normalizer): EmpiricalNormalization()
  (mlp): MLP(
    (0): Linear(in_features=145, out_features=256, bias=True)
    (1): ELU(alpha=1.0)
    (2): Linear(in_features=256, out_features=256, bias=True)
    (3): ELU(alpha=1.0)
    (4): Linear(in_features=256, out_features=1, bias=True)
  )
  (cnns): ModuleDict(
    (depth): CNN(
      (0): Conv2d(1, 32, kernel_size=(8, 8), stride=(4, 4))
      (1): ELU(alpha=1.0)
      (2): Conv2d(32, 64, kernel_size=(4, 4), stride=(2, 2))
      (3): ELU(alpha=1.0)
      (4): Conv2d(64, 128, kernel_size=(3, 3), stride=(1, 1))
      (5): ELU(alpha=1.0)
      (6): AdaptiveAvgPool2d(output_size=(1, 1))
      (7): Flatten(start_dim=1, end_dim=-1)
    )
  )
)
Could not find git repository in /home/sc.uni-leipzig.de/fk67rahe/.conda/envs/ba_v04/lib/python3.13/site-packages/rsl_rl/__init__.py. Skipping.
Traceback (most recent call last):
  File "/home/sc.uni-leipzig.de/fk67rahe/genesis_v04/prototyp_obstacle_avoidance/train_rl_wb.py", line 232, in <module>
    main()
    ~~~~^^
  File "/home/sc.uni-leipzig.de/fk67rahe/genesis_v04/prototyp_obstacle_avoidance/train_rl_wb.py", line 228, in main
    runner.learn(num_learning_iterations=args.max_iterations, init_at_random_ep_len=True)
    ~~~~~~~~~~~~^^^^^^^^^^^^^^^^^^^^^^^^^^^^^^^^^^^^^^^^^^^^^^^^^^^^^^^^^^^^^^^^^^^^^^^^^
  File "/home/sc.uni-leipzig.de/fk67rahe/.conda/envs/ba_v04/lib/python3.13/site-packages/rsl_rl/runners/on_policy_runner.py", line 87, in learn
    obs, rewards, dones, extras = self.env.step(actions.to(self.env.device))
                                  ~~~~~~~~~~~~~^^^^^^^^^^^^^^^^^^^^^^^^^^^^^
  File "/home/sc.uni-leipzig.de/fk67rahe/genesis_v04/prototyp_obstacle_avoidance/envs/obstacle_avoidance_env.py", line 601, in step
    (curr_pos[:, 2] < 0.2)
    ~~~~~~~~~~~~~~~~~~~~~~
    | (curr_att > 60.0)
    ^~~~~~~~~~~~~~~~~~~
  File "/home/sc.uni-leipzig.de/fk67rahe/.local/lib/python3.13/site-packages/torch/utils/_device.py", line 109, in __torch_function__
    return func(*args, **kwargs)
RuntimeError: The size of tensor a (256) must match the size of tensor b (3) at non-singleton dimension 1

[38;5;9m[Genesis] [12:31:30] [ERROR] RuntimeError: The size of tensor a (256) must match the size of tensor b (3) at non-singleton dimension 1[0m
[1;34mwandb[0m: 
[1;34mwandb[0m: 🚀 View run [33m1hz_fixed_final[0m at: [34mhttps://wandb.ai/koe-f-no/obstacle-avoidance/runs/2cy9nh4m[0m
[1;34mwandb[0m: Find logs at: [1;35mwandb/run-20260328_123128-2cy9nh4m/logs[0m
=== Training complete: Sat Mar 28 12:31:37 PM CET 2026 ===
