/home/sc.uni-leipzig.de/fk67rahe/.local/lib/python3.13/site-packages/torch/_compile.py:54: UserWarning: optimizer contains a parameter group with duplicate parameters; in future, this will cause an error; see github.com/pytorch/pytorch/issues/40967 for more information
  return disable_fn(*args, **kwargs)
wandb: WARNING `start_method` is deprecated and will be removed in a future version of wandb. This setting is currently non-functional and safely ignored.
wandb: [wandb.login()] Loaded credentials for https://api.wandb.ai from /home/sc.uni-leipzig.de/fk67rahe/.netrc.
wandb: Currently logged in as: koe-f (koe-f-no) to https://api.wandb.ai. Use `wandb login --relogin` to force relogin
wandb: setting up run ixsu472b
wandb: Tracking run with wandb version 0.25.1
wandb: Run data is saved locally in /home/sc.uni-leipzig.de/fk67rahe/genesis_v04/prototyp_obstacle_avoidance/wandb/run-20260325_170412-ixsu472b
wandb: Run `wandb offline` to turn off syncing.
wandb: Syncing run 2048_steps_per_env
wandb: ⭐️ View project at https://wandb.ai/koe-f-no/obstacle-avoidance
wandb: 🚀 View run at https://wandb.ai/koe-f-no/obstacle-avoidance/runs/ixsu472b
Traceback (most recent call last):
  File "/home/sc.uni-leipzig.de/fk67rahe/genesis_v04/prototyp_obstacle_avoidance/train_rl_wb.py", line 228, in <module>
    main()
    ~~~~^^
  File "/home/sc.uni-leipzig.de/fk67rahe/genesis_v04/prototyp_obstacle_avoidance/train_rl_wb.py", line 224, in main
    runner.learn(num_learning_iterations=args.max_iterations, init_at_random_ep_len=True)
    ~~~~~~~~~~~~^^^^^^^^^^^^^^^^^^^^^^^^^^^^^^^^^^^^^^^^^^^^^^^^^^^^^^^^^^^^^^^^^^^^^^^^^
  File "/home/sc.uni-leipzig.de/fk67rahe/.conda/envs/ba_v04/lib/python3.13/site-packages/rsl_rl/runners/on_policy_runner.py", line 108, in learn
    loss_dict = self.alg.update()
  File "/home/sc.uni-leipzig.de/fk67rahe/.conda/envs/ba_v04/lib/python3.13/site-packages/rsl_rl/algorithms/ppo.py", line 363, in update
    loss.backward()
    ~~~~~~~~~~~~~^^
  File "/home/sc.uni-leipzig.de/fk67rahe/.local/lib/python3.13/site-packages/torch/_tensor.py", line 621, in backward
    return handle_torch_function(
        Tensor.backward,
    ...<5 lines>...
        inputs=inputs,
    )
  File "/home/sc.uni-leipzig.de/fk67rahe/.local/lib/python3.13/site-packages/torch/overrides.py", line 1740, in handle_torch_function
    result = mode.__torch_function__(public_api, types, args, kwargs)
  File "/home/sc.uni-leipzig.de/fk67rahe/.local/lib/python3.13/site-packages/torch/utils/_device.py", line 109, in __torch_function__
    return func(*args, **kwargs)
  File "/home/sc.uni-leipzig.de/fk67rahe/.local/lib/python3.13/site-packages/torch/_tensor.py", line 630, in backward
    torch.autograd.backward(
    ~~~~~~~~~~~~~~~~~~~~~~~^
        self, gradient, retain_graph, create_graph, inputs=inputs
        ^^^^^^^^^^^^^^^^^^^^^^^^^^^^^^^^^^^^^^^^^^^^^^^^^^^^^^^^^
    )
    ^
  File "/home/sc.uni-leipzig.de/fk67rahe/.local/lib/python3.13/site-packages/torch/autograd/__init__.py", line 364, in backward
    _engine_run_backward(
    ~~~~~~~~~~~~~~~~~~~~^
        tensors,
        ^^^^^^^^
    ...<5 lines>...
        accumulate_grad=True,
        ^^^^^^^^^^^^^^^^^^^^^
    )
    ^
  File "/home/sc.uni-leipzig.de/fk67rahe/.local/lib/python3.13/site-packages/torch/autograd/graph.py", line 865, in _engine_run_backward
    return Variable._execution_engine.run_backward(  # Calls into the C++ engine to run the backward pass
           ~~~~~~~~~~~~~~~~~~~~~~~~~~~~~~~~~~~~~~~^^^^^^^^^^^^^^^^^^^^^^^^^^^^^^^^^^^^^^^^^^^^^^^^^^^^^^^
        t_outputs, *args, **kwargs
        ^^^^^^^^^^^^^^^^^^^^^^^^^^
    )  # Calls into the C++ engine to run the backward pass
    ^
torch.OutOfMemoryError: CUDA out of memory. Tried to allocate 512.00 MiB. GPU 0 has a total capacity of 23.60 GiB of which 1.75 MiB is free. Including non-PyTorch memory, this process has 23.52 GiB memory in use. Of the allocated memory 16.15 GiB is allocated by PyTorch, and 645.36 MiB is reserved by PyTorch but unallocated. If reserved but unallocated memory is large try setting PYTORCH_ALLOC_CONF=expandable_segments:True to avoid fragmentation.  See documentation for Memory Management  (https://pytorch.org/docs/stable/notes/cuda.html#environment-variables)
