=== Starting training: Fri Mar 27 08:02:19 PM CET 2026 ===
Host: paula02.sc.uni-leipzig.de, GPU: NVIDIA A30
Experiment: 1hz, Seed: 0
[ObstacleAvoidanceEnv] Renderer: BatchRenderer (cfg='auto')
[38;5;226m[Genesis] [20:02:30] [WARNING] Falling back to legacy URDF parser. Default values of physics properties may be off:
Error: unknown or unsupported mesh file: '/home/sc.uni-leipzig.de/fk67rahe/genesis_v04/assets/robots/draugas/meshes/main_body.dae' - Element name 'main_body', id 0[0m
[38;5;226m[Genesis] [20:02:30] [WARNING] Some free joint has non-zero frictionloss, damping or armature parameters. Beware it is non-physical.[0m
[38;5;226m[Genesis] [20:02:36] [WARNING] Link 'prop0_link' has dubious mass 0.000 compared to the estimate from geometry 0.006 given material density 200.[0m
[38;5;226m[Genesis] [20:02:36] [WARNING] Ignoring inertia matrix of link 'prop0_link' because center of mass is not specified.[0m
[38;5;226m[Genesis] [20:02:36] [WARNING] Link 'prop1_link' has dubious mass 0.000 compared to the estimate from geometry 0.006 given material density 200.[0m
[38;5;226m[Genesis] [20:02:36] [WARNING] Ignoring inertia matrix of link 'prop1_link' because center of mass is not specified.[0m
[38;5;226m[Genesis] [20:02:36] [WARNING] Link 'prop2_link' has dubious mass 0.000 compared to the estimate from geometry 0.006 given material density 200.[0m
[38;5;226m[Genesis] [20:02:36] [WARNING] Ignoring inertia matrix of link 'prop2_link' because center of mass is not specified.[0m
[38;5;226m[Genesis] [20:02:36] [WARNING] Link 'prop3_link' has dubious mass 0.000 compared to the estimate from geometry 0.006 given material density 200.[0m
[38;5;226m[Genesis] [20:02:36] [WARNING] Ignoring inertia matrix of link 'prop3_link' because center of mass is not specified.[0m
--------------------------------------------------------------------------------
Resolved observation sets: 
	 actor :  ['state', 'depth']
	 critic :  ['state', 'depth']
--------------------------------------------------------------------------------
Actor Model: CNNModel(
  (obs_normalizer): EmpiricalNormalization()
  (distribution): GaussianDistribution()
  (mlp): MLP(
    (0): Linear(in_features=145, out_features=256, bias=True)
    (1): ELU(alpha=1.0)
    (2): Linear(in_features=256, out_features=256, bias=True)
    (3): ELU(alpha=1.0)
    (4): Linear(in_features=256, out_features=4, bias=True)
  )
  (cnns): ModuleDict(
    (depth): CNN(
      (0): Conv2d(1, 32, kernel_size=(8, 8), stride=(4, 4))
      (1): ELU(alpha=1.0)
      (2): Conv2d(32, 64, kernel_size=(4, 4), stride=(2, 2))
      (3): ELU(alpha=1.0)
      (4): Conv2d(64, 128, kernel_size=(3, 3), stride=(1, 1))
      (5): ELU(alpha=1.0)
      (6): AdaptiveAvgPool2d(output_size=(1, 1))
      (7): Flatten(start_dim=1, end_dim=-1)
    )
  )
)
Sharing CNN encoders between models, the CNN configurations of the receiving model are ignored.
Critic Model: CNNModel(
  (obs_normalizer): EmpiricalNormalization()
  (mlp): MLP(
    (0): Linear(in_features=145, out_features=256, bias=True)
    (1): ELU(alpha=1.0)
    (2): Linear(in_features=256, out_features=256, bias=True)
    (3): ELU(alpha=1.0)
    (4): Linear(in_features=256, out_features=1, bias=True)
  )
  (cnns): ModuleDict(
    (depth): CNN(
      (0): Conv2d(1, 32, kernel_size=(8, 8), stride=(4, 4))
      (1): ELU(alpha=1.0)
      (2): Conv2d(32, 64, kernel_size=(4, 4), stride=(2, 2))
      (3): ELU(alpha=1.0)
      (4): Conv2d(64, 128, kernel_size=(3, 3), stride=(1, 1))
      (5): ELU(alpha=1.0)
      (6): AdaptiveAvgPool2d(output_size=(1, 1))
      (7): Flatten(start_dim=1, end_dim=-1)
    )
  )
)
Could not find git repository in /home/sc.uni-leipzig.de/fk67rahe/.conda/envs/ba_v04/lib/python3.13/site-packages/rsl_rl/__init__.py. Skipping.
################################################################################
[1m                            Learning iteration 0/500                            [0m 

                            Total steps: 7680 
                       Steps per second: 594 
                        Collection time: 12.546s 
                          Learning time: 0.369s 
                        Mean value loss: 1569532.9500
                    Mean surrogate loss: -0.0097
                      Mean entropy loss: 5.6717
                            Mean reward: -1936.13
                    Mean episode length: 13.18
                        Mean action std: 1.00
     Mean episode rew_distance_absolute: -43.0187
                  Mean episode rew_time: -0.1728
    Mean episode rew_obstacle_proximity: 0.0000
                 Mean episode rew_crash: -2.5170
               Mean episode rew_success: 0.0000
             Mean episode terminal_dist: 1.2824
    Mean episode action_saturation_rate: 8.1299
             Mean episode obs_clip_rate: 7.6094
            Mean episode action_mean_ax: -0.2772
            Mean episode action_mean_ay: 0.6090
            Mean episode action_mean_az: -0.0232
          Mean episode action_mean_ayaw: 0.1184
--------------------------------------------------------------------------------
                         Iteration time: 12.92s
                           Time elapsed: 00:00:12
                                    ETA: 01:47:24

################################################################################
[1m                            Learning iteration 1/500                            [0m 

                            Total steps: 15360 
                       Steps per second: 619 
                        Collection time: 12.152s 
                          Learning time: 0.237s 
                        Mean value loss: 1729987.5125
                    Mean surrogate loss: -0.0074
                      Mean entropy loss: 5.6650
                            Mean reward: -1731.57
                    Mean episode length: 12.11
                        Mean action std: 1.00
     Mean episode rew_distance_absolute: -60.5248
                  Mean episode rew_time: -0.2160
    Mean episode rew_obstacle_proximity: 0.0000
                 Mean episode rew_crash: -3.2588
               Mean episode rew_success: 0.0000
             Mean episode terminal_dist: 1.2883
    Mean episode action_saturation_rate: 10.1520
             Mean episode obs_clip_rate: 9.8237
            Mean episode action_mean_ax: -0.4736
            Mean episode action_mean_ay: 0.5246
            Mean episode action_mean_az: -0.3483
          Mean episode action_mean_ayaw: 0.1923
--------------------------------------------------------------------------------
                         Iteration time: 12.39s
                           Time elapsed: 00:00:25
                                    ETA: 01:45:00

################################################################################
[1m                            Learning iteration 2/500                            [0m 

                            Total steps: 23040 
                       Steps per second: 621 
                        Collection time: 12.114s 
                          Learning time: 0.241s 
                        Mean value loss: 1607486.6125
                    Mean surrogate loss: 0.0024
                      Mean entropy loss: 5.6604
                            Mean reward: -1741.59
                    Mean episode length: 11.69
                        Mean action std: 1.00
     Mean episode rew_distance_absolute: -53.3173
                  Mean episode rew_time: -0.2015
    Mean episode rew_obstacle_proximity: 0.0000
                 Mean episode rew_crash: -3.2990
               Mean episode rew_success: 0.0000
             Mean episode terminal_dist: 1.2995
    Mean episode action_saturation_rate: 9.6382
             Mean episode obs_clip_rate: 8.9396
            Mean episode action_mean_ax: -0.3744
            Mean episode action_mean_ay: 0.5245
            Mean episode action_mean_az: -1.0616
          Mean episode action_mean_ayaw: 0.0637
--------------------------------------------------------------------------------
                         Iteration time: 12.35s
                           Time elapsed: 00:00:37
                                    ETA: 01:43:58

################################################################################
[1m                            Learning iteration 3/500                            [0m 

                            Total steps: 30720 
                       Steps per second: 619 
                        Collection time: 12.153s 
                          Learning time: 0.235s 
                        Mean value loss: 1294099.0312
                    Mean surrogate loss: -0.0025
                      Mean entropy loss: 5.6587
                            Mean reward: -1041.67
                    Mean episode length: 10.05
                        Mean action std: 1.00
     Mean episode rew_distance_absolute: -41.7400
                  Mean episode rew_time: -0.1823
    Mean episode rew_obstacle_proximity: 0.0000
                 Mean episode rew_crash: -3.3101
               Mean episode rew_success: 0.0000
             Mean episode terminal_dist: 1.3171
    Mean episode action_saturation_rate: 8.7307
             Mean episode obs_clip_rate: 7.8259
            Mean episode action_mean_ax: -0.5232
            Mean episode action_mean_ay: 0.6533
            Mean episode action_mean_az: -1.7931
          Mean episode action_mean_ayaw: 0.0643
--------------------------------------------------------------------------------
                         Iteration time: 12.39s
                           Time elapsed: 00:00:50
                                    ETA: 01:43:25

################################################################################
[1m                            Learning iteration 4/500                            [0m 

                            Total steps: 38400 
                       Steps per second: 618 
                        Collection time: 12.190s 
                          Learning time: 0.235s 
                        Mean value loss: 1127673.0375
                    Mean surrogate loss: -0.0022
                      Mean entropy loss: 5.6585
                            Mean reward: -973.85
                    Mean episode length: 9.80
                        Mean action std: 1.00
     Mean episode rew_distance_absolute: -34.6409
                  Mean episode rew_time: -0.1633
    Mean episode rew_obstacle_proximity: 0.0000
                 Mean episode rew_crash: -3.3173
               Mean episode rew_success: 0.0000
             Mean episode terminal_dist: 1.2963
    Mean episode action_saturation_rate: 7.9063
             Mean episode obs_clip_rate: 6.8381
            Mean episode action_mean_ax: -0.6037
            Mean episode action_mean_ay: 0.8111
            Mean episode action_mean_az: -2.3298
          Mean episode action_mean_ayaw: 0.0817
--------------------------------------------------------------------------------
                         Iteration time: 12.42s
                           Time elapsed: 00:01:02
                                    ETA: 01:43:04

################################################################################
[1m                            Learning iteration 5/500                            [0m 

                            Total steps: 46080 
                       Steps per second: 626 
                        Collection time: 12.032s 
                          Learning time: 0.235s 
                        Mean value loss: 1037245.3406
                    Mean surrogate loss: -0.0054
                      Mean entropy loss: 5.6528
                            Mean reward: -966.46
                    Mean episode length: 8.92
                        Mean action std: 0.99
     Mean episode rew_distance_absolute: -30.3645
                  Mean episode rew_time: -0.1542
    Mean episode rew_obstacle_proximity: 0.0000
                 Mean episode rew_crash: -3.3259
               Mean episode rew_success: 0.0000
             Mean episode terminal_dist: 1.2871
    Mean episode action_saturation_rate: 7.4511
             Mean episode obs_clip_rate: 6.2584
            Mean episode action_mean_ax: -0.8280
            Mean episode action_mean_ay: 0.5714
            Mean episode action_mean_az: -2.7224
          Mean episode action_mean_ayaw: -0.0066
--------------------------------------------------------------------------------
                         Iteration time: 12.27s
                           Time elapsed: 00:01:14
                                    ETA: 01:42:33

################################################################################
[1m                            Learning iteration 6/500                            [0m 

                            Total steps: 53760 
                       Steps per second: 623 
                        Collection time: 12.077s 
                          Learning time: 0.235s 
                        Mean value loss: 845524.4531
                    Mean surrogate loss: -0.0067
                      Mean entropy loss: 5.6344
                            Mean reward: -921.17
                    Mean episode length: 8.90
                        Mean action std: 0.99
     Mean episode rew_distance_absolute: -23.5948
                  Mean episode rew_time: -0.1393
    Mean episode rew_obstacle_proximity: 0.0000
                 Mean episode rew_crash: -3.3295
               Mean episode rew_success: 0.0000
             Mean episode terminal_dist: 1.2884
    Mean episode action_saturation_rate: 6.8919
             Mean episode obs_clip_rate: 5.3898
            Mean episode action_mean_ax: -0.8506
            Mean episode action_mean_ay: 0.6572
            Mean episode action_mean_az: -3.0572
          Mean episode action_mean_ayaw: 0.0778
--------------------------------------------------------------------------------
                         Iteration time: 12.31s
                           Time elapsed: 00:01:27
                                    ETA: 01:42:10

################################################################################
[1m                            Learning iteration 7/500                            [0m 

                            Total steps: 61440 
                       Steps per second: 628 
                        Collection time: 11.986s 
                          Learning time: 0.235s 
                        Mean value loss: 710299.4688
                    Mean surrogate loss: -0.0056
                      Mean entropy loss: 5.6155
                            Mean reward: -624.45
                    Mean episode length: 7.64
                        Mean action std: 0.98
     Mean episode rew_distance_absolute: -19.9963
                  Mean episode rew_time: -0.1283
    Mean episode rew_obstacle_proximity: 0.0000
                 Mean episode rew_crash: -3.3302
               Mean episode rew_success: 0.0000
             Mean episode terminal_dist: 1.2950
    Mean episode action_saturation_rate: 6.4112
             Mean episode obs_clip_rate: 4.8375
            Mean episode action_mean_ax: -0.7540
            Mean episode action_mean_ay: 0.4240
            Mean episode action_mean_az: -3.2731
          Mean episode action_mean_ayaw: -0.0243
--------------------------------------------------------------------------------
                         Iteration time: 12.22s
                           Time elapsed: 00:01:39
                                    ETA: 01:41:45

################################################################################
[1m                            Learning iteration 8/500                            [0m 

                            Total steps: 69120 
                       Steps per second: 625 
                        Collection time: 12.044s 
                          Learning time: 0.235s 
                        Mean value loss: 554762.7438
                    Mean surrogate loss: -0.0046
                      Mean entropy loss: 5.5933
                            Mean reward: -443.52
                    Mean episode length: 6.62
                        Mean action std: 0.98
     Mean episode rew_distance_absolute: -16.7728
                  Mean episode rew_time: -0.1198
    Mean episode rew_obstacle_proximity: 0.0000
                 Mean episode rew_crash: -3.3333
               Mean episode rew_success: 0.0000
             Mean episode terminal_dist: 1.3074
    Mean episode action_saturation_rate: 6.0200
             Mean episode obs_clip_rate: 4.2913
            Mean episode action_mean_ax: -0.6369
            Mean episode action_mean_ay: 0.4388
            Mean episode action_mean_az: -3.3244
          Mean episode action_mean_ayaw: 0.0199
--------------------------------------------------------------------------------
                         Iteration time: 12.28s
                           Time elapsed: 00:01:51
                                    ETA: 01:41:25

################################################################################
[1m                            Learning iteration 9/500                            [0m 

                            Total steps: 76800 
                       Steps per second: 628 
                        Collection time: 11.985s 
                          Learning time: 0.235s 
                        Mean value loss: 541137.8719
                    Mean surrogate loss: 0.0082
                      Mean entropy loss: 5.5695
                            Mean reward: -471.61
                    Mean episode length: 6.38
                        Mean action std: 0.97
     Mean episode rew_distance_absolute: -16.6546
                  Mean episode rew_time: -0.1216
    Mean episode rew_obstacle_proximity: 0.0000
                 Mean episode rew_crash: -3.3333
               Mean episode rew_success: 0.0000
             Mean episode terminal_dist: 1.2843
    Mean episode action_saturation_rate: 6.0776
             Mean episode obs_clip_rate: 4.4405
            Mean episode action_mean_ax: -0.5095
            Mean episode action_mean_ay: 0.3102
            Mean episode action_mean_az: -3.2855
          Mean episode action_mean_ayaw: 0.1882
--------------------------------------------------------------------------------
                         Iteration time: 12.22s
                           Time elapsed: 00:02:03
                                    ETA: 01:41:04

################################################################################
[1m                           Learning iteration 10/500                            [0m 

                            Total steps: 84480 
                       Steps per second: 624 
                        Collection time: 12.072s 
                          Learning time: 0.234s 
                        Mean value loss: 590314.2531
                    Mean surrogate loss: 0.0071
                      Mean entropy loss: 5.5655
                            Mean reward: -575.38
                    Mean episode length: 6.96
                        Mean action std: 0.97
     Mean episode rew_distance_absolute: -15.6669
                  Mean episode rew_time: -0.1177
    Mean episode rew_obstacle_proximity: 0.0000
                 Mean episode rew_crash: -3.3305
               Mean episode rew_success: 0.0000
             Mean episode terminal_dist: 1.2900
    Mean episode action_saturation_rate: 5.8770
             Mean episode obs_clip_rate: 4.1982
            Mean episode action_mean_ax: -0.3679
            Mean episode action_mean_ay: 0.1285
            Mean episode action_mean_az: -3.3936
          Mean episode action_mean_ayaw: 0.0505
--------------------------------------------------------------------------------
                         Iteration time: 12.31s
                           Time elapsed: 00:02:16
                                    ETA: 01:40:49

Traceback (most recent call last):
  File "/home/sc.uni-leipzig.de/fk67rahe/genesis_v04/prototyp_obstacle_avoidance/train_rl_wb.py", line 232, in <module>
    main()
    ~~~~^^
  File "/home/sc.uni-leipzig.de/fk67rahe/genesis_v04/prototyp_obstacle_avoidance/train_rl_wb.py", line 228, in main
    runner.learn(num_learning_iterations=args.max_iterations, init_at_random_ep_len=True)
    ~~~~~~~~~~~~^^^^^^^^^^^^^^^^^^^^^^^^^^^^^^^^^^^^^^^^^^^^^^^^^^^^^^^^^^^^^^^^^^^^^^^^^
  File "/home/sc.uni-leipzig.de/fk67rahe/.conda/envs/ba_v04/lib/python3.13/site-packages/rsl_rl/runners/on_policy_runner.py", line 87, in learn
    obs, rewards, dones, extras = self.env.step(actions.to(self.env.device))
                                  ~~~~~~~~~~~~~^^^^^^^^^^^^^^^^^^^^^^^^^^^^^
  File "/home/sc.uni-leipzig.de/fk67rahe/genesis_v04/prototyp_obstacle_avoidance/envs/obstacle_avoidance_env.py", line 531, in step
    self.scene.step()
    ~~~~~~~~~~~~~~~^^
  File "/home/sc.uni-leipzig.de/fk67rahe/.conda/envs/ba_v04/lib/python3.13/site-packages/genesis/utils/misc.py", line 148, in wrapper
    return method(self, *args, **kwargs)
  File "/home/sc.uni-leipzig.de/fk67rahe/.conda/envs/ba_v04/lib/python3.13/site-packages/genesis/engine/scene.py", line 1019, in step
    self._sim.step()
    ~~~~~~~~~~~~~~^^
  File "/home/sc.uni-leipzig.de/fk67rahe/.conda/envs/ba_v04/lib/python3.13/site-packages/genesis/engine/simulator.py", line 278, in step
    self.rigid_solver.check_errno()
    ~~~~~~~~~~~~~~~~~~~~~~~~~~~~~^^
  File "/home/sc.uni-leipzig.de/fk67rahe/.conda/envs/ba_v04/lib/python3.13/site-packages/genesis/engine/solvers/rigid/rigid_solver.py", line 979, in check_errno
    gs.raise_exception("Invalid accelerations causing 'nan'. Please decrease Rigid simulation timestep.")
    ~~~~~~~~~~~~~~~~~~^^^^^^^^^^^^^^^^^^^^^^^^^^^^^^^^^^^^^^^^^^^^^^^^^^^^^^^^^^^^^^^^^^^^^^^^^^^^^^^^^^^
  File "/home/sc.uni-leipzig.de/fk67rahe/.conda/envs/ba_v04/lib/python3.13/site-packages/genesis/utils/misc.py", line 41, in raise_exception
    raise gs.GenesisException(msg)
genesis.GenesisException: Invalid accelerations causing 'nan'. Please decrease Rigid simulation timestep.

[38;5;9m[Genesis] [20:05:36] [ERROR] GenesisException: Invalid accelerations causing 'nan'. Please decrease Rigid simulation timestep.[0m
[1;34mwandb[0m: 
[1;34mwandb[0m: 🚀 View run [33m1hz[0m at: [34mhttps://wandb.ai/koe-f-no/obstacle-avoidance/runs/dzj8iccm[0m
[1;34mwandb[0m: Find logs at: [1;35mwandb/run-20260327_200316-dzj8iccm/logs[0m
=== Training complete: Fri Mar 27 08:05:49 PM CET 2026 ===
