=== Starting training: Sat Mar 28 12:00:53 PM CET 2026 ===
Host: paula09.sc.uni-leipzig.de, GPU: NVIDIA A30
Experiment: curriculum_1m_1hz, Seed: 0
[ObstacleAvoidanceEnv] Renderer: BatchRenderer (cfg='auto')
[38;5;226m[Genesis] [12:01:07] [WARNING] Falling back to legacy URDF parser. Default values of physics properties may be off:
Error: unknown or unsupported mesh file: '/home/sc.uni-leipzig.de/fk67rahe/genesis_v04/assets/robots/draugas/meshes/main_body.dae' - Element name 'main_body', id 0[0m
[38;5;226m[Genesis] [12:01:07] [WARNING] Some free joint has non-zero frictionloss, damping or armature parameters. Beware it is non-physical.[0m
[38;5;226m[Genesis] [12:01:13] [WARNING] Link 'prop0_link' has dubious mass 0.000 compared to the estimate from geometry 0.006 given material density 200.[0m
[38;5;226m[Genesis] [12:01:13] [WARNING] Ignoring inertia matrix of link 'prop0_link' because center of mass is not specified.[0m
[38;5;226m[Genesis] [12:01:13] [WARNING] Link 'prop1_link' has dubious mass 0.000 compared to the estimate from geometry 0.006 given material density 200.[0m
[38;5;226m[Genesis] [12:01:13] [WARNING] Ignoring inertia matrix of link 'prop1_link' because center of mass is not specified.[0m
[38;5;226m[Genesis] [12:01:13] [WARNING] Link 'prop2_link' has dubious mass 0.000 compared to the estimate from geometry 0.006 given material density 200.[0m
[38;5;226m[Genesis] [12:01:13] [WARNING] Ignoring inertia matrix of link 'prop2_link' because center of mass is not specified.[0m
[38;5;226m[Genesis] [12:01:13] [WARNING] Link 'prop3_link' has dubious mass 0.000 compared to the estimate from geometry 0.006 given material density 200.[0m
[38;5;226m[Genesis] [12:01:13] [WARNING] Ignoring inertia matrix of link 'prop3_link' because center of mass is not specified.[0m
--------------------------------------------------------------------------------
Resolved observation sets: 
	 actor :  ['state', 'depth']
	 critic :  ['state', 'depth']
--------------------------------------------------------------------------------
Actor Model: CNNModel(
  (obs_normalizer): EmpiricalNormalization()
  (distribution): GaussianDistribution()
  (mlp): MLP(
    (0): Linear(in_features=145, out_features=256, bias=True)
    (1): ELU(alpha=1.0)
    (2): Linear(in_features=256, out_features=256, bias=True)
    (3): ELU(alpha=1.0)
    (4): Linear(in_features=256, out_features=4, bias=True)
  )
  (cnns): ModuleDict(
    (depth): CNN(
      (0): Conv2d(1, 32, kernel_size=(8, 8), stride=(4, 4))
      (1): ELU(alpha=1.0)
      (2): Conv2d(32, 64, kernel_size=(4, 4), stride=(2, 2))
      (3): ELU(alpha=1.0)
      (4): Conv2d(64, 128, kernel_size=(3, 3), stride=(1, 1))
      (5): ELU(alpha=1.0)
      (6): AdaptiveAvgPool2d(output_size=(1, 1))
      (7): Flatten(start_dim=1, end_dim=-1)
    )
  )
)
Sharing CNN encoders between models, the CNN configurations of the receiving model are ignored.
Critic Model: CNNModel(
  (obs_normalizer): EmpiricalNormalization()
  (mlp): MLP(
    (0): Linear(in_features=145, out_features=256, bias=True)
    (1): ELU(alpha=1.0)
    (2): Linear(in_features=256, out_features=256, bias=True)
    (3): ELU(alpha=1.0)
    (4): Linear(in_features=256, out_features=1, bias=True)
  )
  (cnns): ModuleDict(
    (depth): CNN(
      (0): Conv2d(1, 32, kernel_size=(8, 8), stride=(4, 4))
      (1): ELU(alpha=1.0)
      (2): Conv2d(32, 64, kernel_size=(4, 4), stride=(2, 2))
      (3): ELU(alpha=1.0)
      (4): Conv2d(64, 128, kernel_size=(3, 3), stride=(1, 1))
      (5): ELU(alpha=1.0)
      (6): AdaptiveAvgPool2d(output_size=(1, 1))
      (7): Flatten(start_dim=1, end_dim=-1)
    )
  )
)
Could not find git repository in /home/sc.uni-leipzig.de/fk67rahe/.conda/envs/ba_v04/lib/python3.13/site-packages/rsl_rl/__init__.py. Skipping.
################################################################################
[1m                            Learning iteration 0/500                            [0m 

                            Total steps: 7680 
                       Steps per second: 509 
                        Collection time: 14.622s 
                          Learning time: 0.462s 
                        Mean value loss: 1405023.9250
                    Mean surrogate loss: -0.0115
                      Mean entropy loss: 5.6835
                            Mean reward: -1782.29
                    Mean episode length: 12.10
                        Mean action std: 1.00
     Mean episode rew_distance_absolute: -38.5866
                  Mean episode rew_time: -0.1613
    Mean episode rew_obstacle_proximity: 0.0000
                 Mean episode rew_crash: -2.5546
               Mean episode rew_success: 0.0000
             Mean episode terminal_dist: 1.2731
    Mean episode action_saturation_rate: 7.7138
             Mean episode obs_clip_rate: 6.9840
            Mean episode action_mean_ax: 0.0466
            Mean episode action_mean_ay: 0.2733
            Mean episode action_mean_az: -0.2050
          Mean episode action_mean_ayaw: 0.3492
--------------------------------------------------------------------------------
                         Iteration time: 15.08s
                           Time elapsed: 00:00:15
                                    ETA: 02:05:26

Traceback (most recent call last):
  File "/home/sc.uni-leipzig.de/fk67rahe/genesis_v04/prototyp_obstacle_avoidance/train_rl_wb.py", line 232, in <module>
    main()
    ~~~~^^
  File "/home/sc.uni-leipzig.de/fk67rahe/genesis_v04/prototyp_obstacle_avoidance/train_rl_wb.py", line 228, in main
    runner.learn(num_learning_iterations=args.max_iterations, init_at_random_ep_len=True)
    ~~~~~~~~~~~~^^^^^^^^^^^^^^^^^^^^^^^^^^^^^^^^^^^^^^^^^^^^^^^^^^^^^^^^^^^^^^^^^^^^^^^^^
  File "/home/sc.uni-leipzig.de/fk67rahe/.conda/envs/ba_v04/lib/python3.13/site-packages/rsl_rl/runners/on_policy_runner.py", line 87, in learn
    obs, rewards, dones, extras = self.env.step(actions.to(self.env.device))
                                  ~~~~~~~~~~~~~^^^^^^^^^^^^^^^^^^^^^^^^^^^^^
  File "/home/sc.uni-leipzig.de/fk67rahe/genesis_v04/prototyp_obstacle_avoidance/envs/obstacle_avoidance_env.py", line 542, in step
    self.scene.step()
    ~~~~~~~~~~~~~~~^^
  File "/home/sc.uni-leipzig.de/fk67rahe/.conda/envs/ba_v04/lib/python3.13/site-packages/genesis/utils/misc.py", line 148, in wrapper
    return method(self, *args, **kwargs)
  File "/home/sc.uni-leipzig.de/fk67rahe/.conda/envs/ba_v04/lib/python3.13/site-packages/genesis/engine/scene.py", line 1019, in step
    self._sim.step()
    ~~~~~~~~~~~~~~^^
  File "/home/sc.uni-leipzig.de/fk67rahe/.conda/envs/ba_v04/lib/python3.13/site-packages/genesis/engine/simulator.py", line 278, in step
    self.rigid_solver.check_errno()
    ~~~~~~~~~~~~~~~~~~~~~~~~~~~~~^^
  File "/home/sc.uni-leipzig.de/fk67rahe/.conda/envs/ba_v04/lib/python3.13/site-packages/genesis/engine/solvers/rigid/rigid_solver.py", line 979, in check_errno
    gs.raise_exception("Invalid accelerations causing 'nan'. Please decrease Rigid simulation timestep.")
    ~~~~~~~~~~~~~~~~~~^^^^^^^^^^^^^^^^^^^^^^^^^^^^^^^^^^^^^^^^^^^^^^^^^^^^^^^^^^^^^^^^^^^^^^^^^^^^^^^^^^^
  File "/home/sc.uni-leipzig.de/fk67rahe/.conda/envs/ba_v04/lib/python3.13/site-packages/genesis/utils/misc.py", line 41, in raise_exception
    raise gs.GenesisException(msg)
genesis.GenesisException: Invalid accelerations causing 'nan'. Please decrease Rigid simulation timestep.

[38;5;9m[Genesis] [12:02:25] [ERROR] GenesisException: Invalid accelerations causing 'nan'. Please decrease Rigid simulation timestep.[0m
[1;34mwandb[0m: 
[1;34mwandb[0m: 🚀 View run [33mcurriculum_1m_1hz[0m at: [34mhttps://wandb.ai/koe-f-no/obstacle-avoidance/runs/82gsuthe[0m
[1;34mwandb[0m: Find logs at: [1;35mwandb/run-20260328_120154-82gsuthe/logs[0m
=== Training complete: Sat Mar 28 12:02:31 PM CET 2026 ===
