wandb: WARNING `start_method` is deprecated and will be removed in a future version of wandb. This setting is currently non-functional and safely ignored.
wandb: [wandb.login()] Loaded credentials for https://api.wandb.ai from /home/sc.uni-leipzig.de/fk67rahe/.netrc.
wandb: Currently logged in as: koe-f (koe-f-no) to https://api.wandb.ai. Use `wandb login --relogin` to force relogin
wandb: setting up run 85viw4c8
wandb: Tracking run with wandb version 0.25.1
wandb: Run data is saved locally in /home/sc.uni-leipzig.de/fk67rahe/genesis_v04/prototyp_global_coordinate/wandb/run-20260330_152334-85viw4c8
wandb: Run `wandb offline` to turn off syncing.
wandb: Syncing run podestbett_01
wandb: ⭐️ View project at https://wandb.ai/koe-f-no/drone-landing
wandb: 🚀 View run at https://wandb.ai/koe-f-no/drone-landing/runs/85viw4c8
wandb: WARNING Symlinked 1 file into the W&B run directory; call wandb.save again to sync new files.
wandb: WARNING Symlinked 1 file into the W&B run directory; call wandb.save again to sync new files.
wandb: WARNING Symlinked 1 file into the W&B run directory; call wandb.save again to sync new files.
wandb: WARNING Symlinked 1 file into the W&B run directory; call wandb.save again to sync new files.
wandb: WARNING Symlinked 1 file into the W&B run directory; call wandb.save again to sync new files.
wandb: WARNING Symlinked 1 file into the W&B run directory; call wandb.save again to sync new files.
wandb: WARNING Symlinked 1 file into the W&B run directory; call wandb.save again to sync new files.
wandb: WARNING Symlinked 1 file into the W&B run directory; call wandb.save again to sync new files.
wandb: WARNING Symlinked 1 file into the W&B run directory; call wandb.save again to sync new files.
wandb: WARNING Symlinked 1 file into the W&B run directory; call wandb.save again to sync new files.
wandb: WARNING Symlinked 1 file into the W&B run directory; call wandb.save again to sync new files.
wandb: WARNING Symlinked 1 file into the W&B run directory; call wandb.save again to sync new files.
wandb: WARNING Symlinked 1 file into the W&B run directory; call wandb.save again to sync new files.
wandb: WARNING Symlinked 1 file into the W&B run directory; call wandb.save again to sync new files.
[2026-03-30T16:30:19.122] error: *** JOB 21071232 ON paula02 CANCELLED AT 2026-03-30T16:30:19 DUE to SIGNAL Terminated ***
