=== Starting training: Sat Mar 28 12:02:53 PM CET 2026 ===
Host: paula09.sc.uni-leipzig.de, GPU: NVIDIA A30
Experiment: 1hz_with_crash_safeguard, Seed: 0
[ObstacleAvoidanceEnv] Renderer: BatchRenderer (cfg='auto')
[38;5;226m[Genesis] [12:03:05] [WARNING] Falling back to legacy URDF parser. Default values of physics properties may be off:
Error: unknown or unsupported mesh file: '/home/sc.uni-leipzig.de/fk67rahe/genesis_v04/assets/robots/draugas/meshes/main_body.dae' - Element name 'main_body', id 0[0m
[38;5;226m[Genesis] [12:03:05] [WARNING] Some free joint has non-zero frictionloss, damping or armature parameters. Beware it is non-physical.[0m
[38;5;226m[Genesis] [12:03:11] [WARNING] Link 'prop0_link' has dubious mass 0.000 compared to the estimate from geometry 0.006 given material density 200.[0m
[38;5;226m[Genesis] [12:03:11] [WARNING] Ignoring inertia matrix of link 'prop0_link' because center of mass is not specified.[0m
[38;5;226m[Genesis] [12:03:11] [WARNING] Link 'prop1_link' has dubious mass 0.000 compared to the estimate from geometry 0.006 given material density 200.[0m
[38;5;226m[Genesis] [12:03:11] [WARNING] Ignoring inertia matrix of link 'prop1_link' because center of mass is not specified.[0m
[38;5;226m[Genesis] [12:03:11] [WARNING] Link 'prop2_link' has dubious mass 0.000 compared to the estimate from geometry 0.006 given material density 200.[0m
[38;5;226m[Genesis] [12:03:11] [WARNING] Ignoring inertia matrix of link 'prop2_link' because center of mass is not specified.[0m
[38;5;226m[Genesis] [12:03:11] [WARNING] Link 'prop3_link' has dubious mass 0.000 compared to the estimate from geometry 0.006 given material density 200.[0m
[38;5;226m[Genesis] [12:03:11] [WARNING] Ignoring inertia matrix of link 'prop3_link' because center of mass is not specified.[0m
--------------------------------------------------------------------------------
Resolved observation sets: 
	 actor :  ['state', 'depth']
	 critic :  ['state', 'depth']
--------------------------------------------------------------------------------
Actor Model: CNNModel(
  (obs_normalizer): EmpiricalNormalization()
  (distribution): GaussianDistribution()
  (mlp): MLP(
    (0): Linear(in_features=145, out_features=256, bias=True)
    (1): ELU(alpha=1.0)
    (2): Linear(in_features=256, out_features=256, bias=True)
    (3): ELU(alpha=1.0)
    (4): Linear(in_features=256, out_features=4, bias=True)
  )
  (cnns): ModuleDict(
    (depth): CNN(
      (0): Conv2d(1, 32, kernel_size=(8, 8), stride=(4, 4))
      (1): ELU(alpha=1.0)
      (2): Conv2d(32, 64, kernel_size=(4, 4), stride=(2, 2))
      (3): ELU(alpha=1.0)
      (4): Conv2d(64, 128, kernel_size=(3, 3), stride=(1, 1))
      (5): ELU(alpha=1.0)
      (6): AdaptiveAvgPool2d(output_size=(1, 1))
      (7): Flatten(start_dim=1, end_dim=-1)
    )
  )
)
Sharing CNN encoders between models, the CNN configurations of the receiving model are ignored.
Critic Model: CNNModel(
  (obs_normalizer): EmpiricalNormalization()
  (mlp): MLP(
    (0): Linear(in_features=145, out_features=256, bias=True)
    (1): ELU(alpha=1.0)
    (2): Linear(in_features=256, out_features=256, bias=True)
    (3): ELU(alpha=1.0)
    (4): Linear(in_features=256, out_features=1, bias=True)
  )
  (cnns): ModuleDict(
    (depth): CNN(
      (0): Conv2d(1, 32, kernel_size=(8, 8), stride=(4, 4))
      (1): ELU(alpha=1.0)
      (2): Conv2d(32, 64, kernel_size=(4, 4), stride=(2, 2))
      (3): ELU(alpha=1.0)
      (4): Conv2d(64, 128, kernel_size=(3, 3), stride=(1, 1))
      (5): ELU(alpha=1.0)
      (6): AdaptiveAvgPool2d(output_size=(1, 1))
      (7): Flatten(start_dim=1, end_dim=-1)
    )
  )
)
Could not find git repository in /home/sc.uni-leipzig.de/fk67rahe/.conda/envs/ba_v04/lib/python3.13/site-packages/rsl_rl/__init__.py. Skipping.
################################################################################
[1m                            Learning iteration 0/500                            [0m 

                            Total steps: 7680 
                       Steps per second: 516 
                        Collection time: 14.503s 
                          Learning time: 0.365s 
                        Mean value loss: 1446617.8188
                    Mean surrogate loss: -0.0121
                      Mean entropy loss: 5.6752
                            Mean reward: -1921.26
                    Mean episode length: 12.38
                        Mean action std: 1.00
     Mean episode rew_distance_absolute: -38.1451
                  Mean episode rew_time: -0.1608
    Mean episode rew_obstacle_proximity: 0.0000
                 Mean episode rew_crash: -2.5453
               Mean episode rew_success: 0.0000
             Mean episode terminal_dist: 1.2782
    Mean episode action_saturation_rate: 7.6004
             Mean episode obs_clip_rate: 7.0317
            Mean episode action_mean_ax: -0.1604
            Mean episode action_mean_ay: 0.4980
            Mean episode action_mean_az: -0.1712
          Mean episode action_mean_ayaw: 0.2289
--------------------------------------------------------------------------------
                         Iteration time: 14.87s
                           Time elapsed: 00:00:14
                                    ETA: 02:03:39

################################################################################
[1m                            Learning iteration 1/500                            [0m 

                            Total steps: 15360 
                       Steps per second: 523 
                        Collection time: 14.422s 
                          Learning time: 0.244s 
                        Mean value loss: 1943298.6875
                    Mean surrogate loss: -0.0070
                      Mean entropy loss: 5.6767
                            Mean reward: -1983.01
                    Mean episode length: 13.21
                        Mean action std: 1.00
     Mean episode rew_distance_absolute: -61.1735
                  Mean episode rew_time: -0.2113
    Mean episode rew_obstacle_proximity: 0.0000
                 Mean episode rew_crash: -3.3104
               Mean episode rew_success: 0.0000
             Mean episode terminal_dist: 1.2956
    Mean episode action_saturation_rate: 10.0683
             Mean episode obs_clip_rate: 9.7648
            Mean episode action_mean_ax: -0.1996
            Mean episode action_mean_ay: 0.6645
            Mean episode action_mean_az: -0.3915
          Mean episode action_mean_ayaw: 0.3124
--------------------------------------------------------------------------------
                         Iteration time: 14.67s
                           Time elapsed: 00:00:29
                                    ETA: 02:02:33

################################################################################
[1m                            Learning iteration 2/500                            [0m 

                            Total steps: 23040 
                       Steps per second: 530 
                        Collection time: 14.220s 
                          Learning time: 0.244s 
                        Mean value loss: 1600065.4625
                    Mean surrogate loss: -0.0043
                      Mean entropy loss: 5.6780
                            Mean reward: -1913.15
                    Mean episode length: 14.00
                        Mean action std: 1.00
     Mean episode rew_distance_absolute: -52.5882
                  Mean episode rew_time: -0.2062
    Mean episode rew_obstacle_proximity: 0.0000
                 Mean episode rew_crash: -3.2726
               Mean episode rew_success: 0.0000
             Mean episode terminal_dist: 1.3016
    Mean episode action_saturation_rate: 9.8728
             Mean episode obs_clip_rate: 9.0903
            Mean episode action_mean_ax: -0.4711
            Mean episode action_mean_ay: 0.4316
            Mean episode action_mean_az: -0.8981
          Mean episode action_mean_ayaw: 0.4265
--------------------------------------------------------------------------------
                         Iteration time: 14.46s
                           Time elapsed: 00:00:43
                                    ETA: 02:01:28

################################################################################
[1m                            Learning iteration 3/500                            [0m 

                            Total steps: 30720 
                       Steps per second: 529 
                        Collection time: 14.253s 
                          Learning time: 0.246s 
                        Mean value loss: 1344248.1812
                    Mean surrogate loss: -0.0094
                      Mean entropy loss: 5.6755
                            Mean reward: -1363.55
                    Mean episode length: 10.87
                        Mean action std: 1.00
     Mean episode rew_distance_absolute: -40.6879
                  Mean episode rew_time: -0.1807
    Mean episode rew_obstacle_proximity: 0.0000
                 Mean episode rew_crash: -3.2697
               Mean episode rew_success: 0.0000
             Mean episode terminal_dist: 1.2978
    Mean episode action_saturation_rate: 8.6286
             Mean episode obs_clip_rate: 7.7437
            Mean episode action_mean_ax: -0.0894
            Mean episode action_mean_ay: 0.5788
            Mean episode action_mean_az: -1.4443
          Mean episode action_mean_ayaw: 0.2457
--------------------------------------------------------------------------------
                         Iteration time: 14.50s
                           Time elapsed: 00:00:58
                                    ETA: 02:00:53

Traceback (most recent call last):
  File "/home/sc.uni-leipzig.de/fk67rahe/genesis_v04/prototyp_obstacle_avoidance/train_rl_wb.py", line 232, in <module>
    main()
    ~~~~^^
  File "/home/sc.uni-leipzig.de/fk67rahe/genesis_v04/prototyp_obstacle_avoidance/train_rl_wb.py", line 228, in main
    runner.learn(num_learning_iterations=args.max_iterations, init_at_random_ep_len=True)
    ~~~~~~~~~~~~^^^^^^^^^^^^^^^^^^^^^^^^^^^^^^^^^^^^^^^^^^^^^^^^^^^^^^^^^^^^^^^^^^^^^^^^^
  File "/home/sc.uni-leipzig.de/fk67rahe/.conda/envs/ba_v04/lib/python3.13/site-packages/rsl_rl/runners/on_policy_runner.py", line 87, in learn
    obs, rewards, dones, extras = self.env.step(actions.to(self.env.device))
                                  ~~~~~~~~~~~~~^^^^^^^^^^^^^^^^^^^^^^^^^^^^^
  File "/home/sc.uni-leipzig.de/fk67rahe/genesis_v04/prototyp_obstacle_avoidance/envs/obstacle_avoidance_env.py", line 542, in step
    self.scene.step()
    ~~~~~~~~~~~~~~~^^
  File "/home/sc.uni-leipzig.de/fk67rahe/.conda/envs/ba_v04/lib/python3.13/site-packages/genesis/utils/misc.py", line 148, in wrapper
    return method(self, *args, **kwargs)
  File "/home/sc.uni-leipzig.de/fk67rahe/.conda/envs/ba_v04/lib/python3.13/site-packages/genesis/engine/scene.py", line 1019, in step
    self._sim.step()
    ~~~~~~~~~~~~~~^^
  File "/home/sc.uni-leipzig.de/fk67rahe/.conda/envs/ba_v04/lib/python3.13/site-packages/genesis/engine/simulator.py", line 278, in step
    self.rigid_solver.check_errno()
    ~~~~~~~~~~~~~~~~~~~~~~~~~~~~~^^
  File "/home/sc.uni-leipzig.de/fk67rahe/.conda/envs/ba_v04/lib/python3.13/site-packages/genesis/engine/solvers/rigid/rigid_solver.py", line 977, in check_errno
    gs.raise_exception("Invalid constraint forces causing 'nan'. Please decrease Rigid simulation timestep.")
    ~~~~~~~~~~~~~~~~~~^^^^^^^^^^^^^^^^^^^^^^^^^^^^^^^^^^^^^^^^^^^^^^^^^^^^^^^^^^^^^^^^^^^^^^^^^^^^^^^^^^^^^^^
  File "/home/sc.uni-leipzig.de/fk67rahe/.conda/envs/ba_v04/lib/python3.13/site-packages/genesis/utils/misc.py", line 41, in raise_exception
    raise gs.GenesisException(msg)
genesis.GenesisException: Invalid constraint forces causing 'nan'. Please decrease Rigid simulation timestep.

[38;5;9m[Genesis] [12:05:06] [ERROR] GenesisException: Invalid constraint forces causing 'nan'. Please decrease Rigid simulation timestep.[0m
[1;34mwandb[0m: 
[1;34mwandb[0m: 🚀 View run [33m1hz_with_crash_safeguard[0m at: [34mhttps://wandb.ai/koe-f-no/obstacle-avoidance/runs/iwwmnaf0[0m
[1;34mwandb[0m: Find logs at: [1;35mwandb/run-20260328_120352-iwwmnaf0/logs[0m
=== Training complete: Sat Mar 28 12:05:10 PM CET 2026 ===
