/home/sc.uni-leipzig.de/fk67rahe/.local/lib/python3.13/site-packages/torch/_compile.py:54: UserWarning: optimizer contains a parameter group with duplicate parameters; in future, this will cause an error; see github.com/pytorch/pytorch/issues/40967 for more information
  return disable_fn(*args, **kwargs)
wandb: WARNING `start_method` is deprecated and will be removed in a future version of wandb. This setting is currently non-functional and safely ignored.
wandb: [wandb.login()] Loaded credentials for https://api.wandb.ai from /home/sc.uni-leipzig.de/fk67rahe/.netrc.
wandb: Currently logged in as: koe-f (koe-f-no) to https://api.wandb.ai. Use `wandb login --relogin` to force relogin
wandb: setting up run 05yza70j
wandb: Tracking run with wandb version 0.25.1
wandb: Run data is saved locally in /home/sc.uni-leipzig.de/fk67rahe/genesis_v04/prototyp_obstacle_avoidance/wandb/run-20260328_170013-05yza70j
wandb: Run `wandb offline` to turn off syncing.
wandb: Syncing run transformers
wandb: 猸愶笍 View project at https://wandb.ai/koe-f-no/obstacle-avoidance
wandb: 馃殌 View run at https://wandb.ai/koe-f-no/obstacle-avoidance/runs/05yza70j
wandb: WARNING Symlinked 1 file into the W&B run directory; call wandb.save again to sync new files.
wandb: WARNING Symlinked 1 file into the W&B run directory; call wandb.save again to sync new files.
wandb: WARNING Symlinked 1 file into the W&B run directory; call wandb.save again to sync new files.
wandb: WARNING Symlinked 1 file into the W&B run directory; call wandb.save again to sync new files.
wandb: WARNING Symlinked 1 file into the W&B run directory; call wandb.save again to sync new files.
wandb: WARNING Symlinked 1 file into the W&B run directory; call wandb.save again to sync new files.
wandb: updating run metadata
wandb: uploading model_499.pt; uploading output.log; uploading wandb-summary.json; uploading config.yaml
wandb: uploading model_499.pt; uploading output.log
wandb: uploading model_499.pt
wandb: uploading history steps 498-499, summary, console lines 14975-15005
wandb: 
wandb: Run history:
wandb:         Episode/action_mean_ax 鈻嗏杺鈻勨枂鈻佲枃鈻堚枃鈻団枂鈻冣杻鈻冣杺鈻傗杺鈻傗杻鈻冣杻鈻冣杺鈻冣杻鈻冣杻鈻冣杻鈻冣杻鈻冣杻鈻冣杻鈻勨杽鈻勨杽鈻勨杽
wandb:         Episode/action_mean_ay 鈻勨杽鈻勨杽鈻嗏杺鈻佲枅鈻呪枀鈻冣杻鈻冣杽鈻冣杻鈻勨杽鈻勨杽鈻勨杽鈻勨杽鈻勨杽鈻勨杽鈻勨杽鈻呪杽鈻勨杽鈻勨杽鈻勨杽鈻勨杽
wandb:       Episode/action_mean_ayaw 鈻冣枅鈻傗杹鈻佲杻鈻傗杽鈻呪枀鈻呪枀鈻勨杽鈻冣杻鈻冣杻鈻冣杻鈻冣杻鈻冣杻鈻冣杻鈻冣杻鈻冣杽鈻勨杽鈻勨杽鈻冣杻鈻冣杽鈻勨杻
wandb:         Episode/action_mean_az 鈻冣杻鈻団枂鈻呪枃鈻堚枅鈻傗杹鈻佲杹鈻佲杺鈻勨枂鈻呪枀鈻呪枀鈻呪枀鈻呪枀鈻呪枀鈻呪杽鈻勨杽鈻勨杽鈻勨杽鈻勨杽鈻勨杽鈻勨杽
wandb: Episode/action_saturation_rate 鈻嗏杽鈻佲枃鈻佲枀鈻嗏枂鈻堚枂鈻嗏枃鈻団枃鈻団枂鈻団枃鈻団枅鈻団枃鈻団枃鈻団枃鈻団枃鈻団枃鈻堚枃鈻団枃鈻団枃鈻団枃鈻嗏枃
wandb:          Episode/obs_clip_rate 鈻勨枂鈻勨枅鈻堚枅鈻傗杹鈻佲杹鈻佲杹鈻堚枅鈻堚枃鈻団枃鈻団枃鈻嗏枃鈻団枂鈻嗏枂鈻嗏枂鈻嗏枂鈻嗏枂鈻嗏枂鈻嗏枀鈻呪枀鈻呪枂
wandb:              Episode/rew_crash 鈻堚杹鈻佲杻鈻団枂鈻嗏枀鈻嗏枀鈻呪枂鈻団枃鈻嗏枀鈻嗏枂鈻団枃鈻団枃鈻堚枃鈻団枃鈻堚枅鈻堚枃鈻団枅鈻団枃鈻団枃鈻堚枂鈻堚枃
wandb:  Episode/rew_distance_absolute 鈻団枃鈻佲枃鈻傗杺鈻呪枅鈻堚枅鈻堚枃鈻団枀鈻呪杻鈻冣杻鈻勨杽鈻呪杽鈻勨杽鈻勨枀鈻呪枀鈻勨枀鈻呪枀鈻呪枀鈻呪枀鈻呪枀鈻呪枂
wandb: Episode/rew_obstacle_proximity 鈻佲杹鈻佲杹鈻佲杹鈻佲杹鈻佲杹鈻佲杹鈻佲杹鈻佲杹鈻佲杹鈻佲杹鈻佲杹鈻佲杹鈻佲杹鈻佲杹鈻佲杹鈻佲杹鈻佲杹鈻佲杹鈻佲杹鈻佲杹
wandb:            Episode/rew_success 鈻佲杹鈻佲杹鈻佲杹鈻佲杹鈻佲杹鈻佲杹鈻佲杹鈻佲杹鈻佲杹鈻佲杹鈻佲杹鈻佲杹鈻佲杹鈻佲杹鈻佲杹鈻佲杹鈻佲杹鈻佲杹鈻佲杹鈻佲杹
wandb:                            +12 ...
wandb: 
wandb: Run summary:
wandb:         Episode/action_mean_ax -1.47451
wandb:         Episode/action_mean_ay 3.30735
wandb:       Episode/action_mean_ayaw -2.67305
wandb:         Episode/action_mean_az -3.90627
wandb: Episode/action_saturation_rate 20.36489
wandb:          Episode/obs_clip_rate 11.05359
wandb:              Episode/rew_crash -1.66933
wandb:  Episode/rew_distance_absolute -54.35476
wandb: Episode/rew_obstacle_proximity 0
wandb:            Episode/rew_success 0
wandb:                            +12 ...
wandb: 
wandb: 馃殌 View run transformers at: https://wandb.ai/koe-f-no/obstacle-avoidance/runs/05yza70j
wandb: 猸愶笍 View project at: https://wandb.ai/koe-f-no/obstacle-avoidance
wandb: Synced 5 W&B file(s), 0 media file(s), 0 artifact file(s) and 6 other file(s)
wandb: Find logs at: ./wandb/run-20260328_170013-05yza70j/logs
