W0326 13:02:44.744000 1063220 torch/distributed/run.py:852] 
W0326 13:02:44.744000 1063220 torch/distributed/run.py:852] *****************************************
W0326 13:02:44.744000 1063220 torch/distributed/run.py:852] Setting OMP_NUM_THREADS environment variable for each process to be 1 in default, to avoid your system being overloaded, please further tune the variable for optimal performance in your application as needed. 
W0326 13:02:44.744000 1063220 torch/distributed/run.py:852] *****************************************
[W326 13:02:45.336752741 socket.cpp:764] [c10d] The client socket cannot be initialized to connect to [localhost]:40471 (errno: 97 - Address family not supported by protocol).
[W326 13:02:45.338606951 socket.cpp:764] [c10d] The client socket cannot be initialized to connect to [localhost]:40471 (errno: 97 - Address family not supported by protocol).
[W326 13:02:45.340648538 socket.cpp:764] [c10d] The client socket cannot be initialized to connect to [localhost]:40471 (errno: 97 - Address family not supported by protocol).
[W326 13:02:45.612499635 socket.cpp:764] [c10d] The client socket cannot be initialized to connect to [paula12.sc.uni-leipzig.de]:44365 (errno: 97 - Address family not supported by protocol).
W0326 13:03:11.875000 1063220 torch/distributed/elastic/multiprocessing/api.py:1010] Sending process 1063392 closing signal SIGTERM
E0326 13:03:12.139000 1063220 torch/distributed/elastic/multiprocessing/api.py:984] failed (exitcode: 1) local_rank: 1 (pid: 1063393) of binary: /home/sc.uni-leipzig.de/fk67rahe/.conda/envs/ba_v04/bin/python
Traceback (most recent call last):
  File "/home/sc.uni-leipzig.de/fk67rahe/.conda/envs/ba_v04/bin/torchrun", line 6, in <module>
    sys.exit(main())
             ~~~~^^
  File "/home/sc.uni-leipzig.de/fk67rahe/.local/lib/python3.13/site-packages/torch/distributed/elastic/multiprocessing/errors/__init__.py", line 362, in wrapper
    return f(*args, **kwargs)
  File "/home/sc.uni-leipzig.de/fk67rahe/.local/lib/python3.13/site-packages/torch/distributed/run.py", line 991, in main
    run(args)
    ~~~^^^^^^
  File "/home/sc.uni-leipzig.de/fk67rahe/.local/lib/python3.13/site-packages/torch/distributed/run.py", line 982, in run
    elastic_launch(
    ~~~~~~~~~~~~~~~
        config=config,
        ~~~~~~~~~~~~~~
        entrypoint=cmd,
        ~~~~~~~~~~~~~~~
    )(*cmd_args)
    ~^^^^^^^^^^^
  File "/home/sc.uni-leipzig.de/fk67rahe/.local/lib/python3.13/site-packages/torch/distributed/launcher/api.py", line 170, in __call__
    return launch_agent(self._config, self._entrypoint, list(args))
  File "/home/sc.uni-leipzig.de/fk67rahe/.local/lib/python3.13/site-packages/torch/distributed/launcher/api.py", line 317, in launch_agent
    raise ChildFailedError(
    ...<2 lines>...
    )
torch.distributed.elastic.multiprocessing.errors.ChildFailedError: 
============================================================
train_rl_multigpu.py FAILED
------------------------------------------------------------
Failures:
[1]:
  time      : 2026-03-26_13:03:12
  host      : paula12.sc.uni-leipzig.de
  rank      : 0 (local_rank: 0)
  exitcode  : -15 (pid: 1063392)
  error_file: <N/A>
  traceback : Signal 15 (SIGTERM) received by PID 1063392
------------------------------------------------------------
Root Cause (first observed failure):
[0]:
  time      : 2026-03-26_13:03:11
  host      : paula12.sc.uni-leipzig.de
  rank      : 1 (local_rank: 1)
  exitcode  : 1 (pid: 1063393)
  error_file: <N/A>
  traceback : To enable traceback see: https://pytorch.org/docs/stable/elastic/errors.html
============================================================
