=== Starting training: Wed Mar 25 02:42:52 PM CET 2026 ===
Host: paula12.sc.uni-leipzig.de, GPU: NVIDIA A30
Experiment: new_architecture, Seed: 0
[ObstacleAvoidanceEnv] Renderer: BatchRenderer (cfg='auto')
[38;5;226m[Genesis] [14:43:31] [WARNING] Falling back to legacy URDF parser. Default values of physics properties may be off:
Error: unknown or unsupported mesh file: '/home/sc.uni-leipzig.de/fk67rahe/genesis_v04/assets/robots/draugas/meshes/main_body.dae' - Element name 'main_body', id 0[0m
[38;5;226m[Genesis] [14:43:31] [WARNING] Some free joint has non-zero frictionloss, damping or armature parameters. Beware it is non-physical.[0m
[38;5;226m[Genesis] [14:43:38] [WARNING] Link 'prop0_link' has dubious mass 0.000 compared to the estimate from geometry 0.006 given material density 200.[0m
[38;5;226m[Genesis] [14:43:38] [WARNING] Ignoring inertia matrix of link 'prop0_link' because center of mass is not specified.[0m
[38;5;226m[Genesis] [14:43:38] [WARNING] Link 'prop1_link' has dubious mass 0.000 compared to the estimate from geometry 0.006 given material density 200.[0m
[38;5;226m[Genesis] [14:43:38] [WARNING] Ignoring inertia matrix of link 'prop1_link' because center of mass is not specified.[0m
[38;5;226m[Genesis] [14:43:38] [WARNING] Link 'prop2_link' has dubious mass 0.000 compared to the estimate from geometry 0.006 given material density 200.[0m
[38;5;226m[Genesis] [14:43:38] [WARNING] Ignoring inertia matrix of link 'prop2_link' because center of mass is not specified.[0m
[38;5;226m[Genesis] [14:43:38] [WARNING] Link 'prop3_link' has dubious mass 0.000 compared to the estimate from geometry 0.006 given material density 200.[0m
[38;5;226m[Genesis] [14:43:38] [WARNING] Ignoring inertia matrix of link 'prop3_link' because center of mass is not specified.[0m
--------------------------------------------------------------------------------
Resolved observation sets: 
	 actor :  ['state', 'depth']
	 critic :  ['state', 'depth']
--------------------------------------------------------------------------------
Traceback (most recent call last):
  File "/home/sc.uni-leipzig.de/fk67rahe/genesis_v04/prototyp_obstacle_avoidance/train_rl_wb.py", line 221, in <module>
    main()
    ~~~~^^
  File "/home/sc.uni-leipzig.de/fk67rahe/genesis_v04/prototyp_obstacle_avoidance/train_rl_wb.py", line 216, in main
    runner = OnPolicyRunner(env, copy.deepcopy(train_cfg), log_dir, device=gs.device)
  File "/home/sc.uni-leipzig.de/fk67rahe/.conda/envs/ba_v04/lib/python3.13/site-packages/rsl_rl/runners/on_policy_runner.py", line 40, in __init__
    self.alg = alg_class.construct_algorithm(obs, self.env, self.cfg, self.device)
               ~~~~~~~~~~~~~~~~~~~~~~~~~~~~~^^^^^^^^^^^^^^^^^^^^^^^^^^^^^^^^^^^^^^
  File "/home/sc.uni-leipzig.de/fk67rahe/.conda/envs/ba_v04/lib/python3.13/site-packages/rsl_rl/algorithms/ppo.py", line 493, in construct_algorithm
    actor: MLPModel = actor_class(obs, cfg["obs_groups"], "actor", env.num_actions, **cfg["actor"]).to(device)
                      ~~~~~~~~~~~^^^^^^^^^^^^^^^^^^^^^^^^^^^^^^^^^^^^^^^^^^^^^^^^^^^^^^^^^^^^^^^^^^
  File "/home/sc.uni-leipzig.de/fk67rahe/.conda/envs/ba_v04/lib/python3.13/site-packages/rsl_rl/models/cnn_model.py", line 76, in __init__
    cnns[obs_group] = CNN(
                      ~~~^
        input_dim=self.obs_dims_2d[idx],
        ^^^^^^^^^^^^^^^^^^^^^^^^^^^^^^^^
        input_channels=self.obs_channels_2d[idx],
        ^^^^^^^^^^^^^^^^^^^^^^^^^^^^^^^^^^^^^^^^^
        **cnn_cfg[obs_group],
        ^^^^^^^^^^^^^^^^^^^^^
    )
    ^
  File "/home/sc.uni-leipzig.de/fk67rahe/.conda/envs/ba_v04/lib/python3.13/site-packages/rsl_rl/modules/cnn.py", line 99, in __init__
    raise ValueError(
        f"Unsupported normalization type: {n}. Supported types are 'none', 'batch', and 'layer'."
    )
ValueError: Unsupported normalization type: None. Supported types are 'none', 'batch', and 'layer'.

[38;5;9m[Genesis] [14:45:23] [ERROR] ValueError: Unsupported normalization type: None. Supported types are 'none', 'batch', and 'layer'.[0m
=== Training complete: Wed Mar 25 02:45:33 PM CET 2026 ===
