wandb: WARNING `start_method` is deprecated and will be removed in a future version of wandb. This setting is currently non-functional and safely ignored.
wandb: [wandb.login()] Loaded credentials for https://api.wandb.ai from /home/sc.uni-leipzig.de/fk67rahe/.netrc.
wandb: Currently logged in as: koe-f (koe-f-no) to https://api.wandb.ai. Use `wandb login --relogin` to force relogin
wandb: setting up run s0ongqdq
wandb: Tracking run with wandb version 0.25.1
wandb: Run data is saved locally in /home/sc.uni-leipzig.de/fk67rahe/genesis_v04/prototyp_global_coordinate/wandb/run-20260330_133200-s0ongqdq
wandb: Run `wandb offline` to turn off syncing.
wandb: Syncing run ausraeumen_sanity_check2
wandb: 猸愶笍 View project at https://wandb.ai/koe-f-no/drone-landing
wandb: 馃殌 View run at https://wandb.ai/koe-f-no/drone-landing/runs/s0ongqdq
wandb: WARNING Symlinked 1 file into the W&B run directory; call wandb.save again to sync new files.
wandb: WARNING Symlinked 1 file into the W&B run directory; call wandb.save again to sync new files.
wandb: WARNING Symlinked 1 file into the W&B run directory; call wandb.save again to sync new files.
wandb: WARNING Symlinked 1 file into the W&B run directory; call wandb.save again to sync new files.
wandb: WARNING Symlinked 1 file into the W&B run directory; call wandb.save again to sync new files.
wandb: updating run metadata
wandb: uploading output.log; uploading config.yaml; uploading model_400.pt; uploading wandb-summary.json
wandb: uploading output.log; uploading model_400.pt
wandb: 
wandb: Run history:
wandb:         Episode/action_mean_ax 鈻堚枃鈻嗏杺鈻冣杺鈻佲杹鈻傗杺鈻傗杺鈻傗杺鈻勨杽鈻傗杻鈻勨杽鈻勨枀鈻嗏枀鈻勨枀鈻呪枀鈻嗏枂鈻嗏枃鈻嗏枃鈻嗏枂鈻団枂鈻団枅
wandb:         Episode/action_mean_ay 鈻嗏杺鈻傗枅鈻嗏杹鈻傗杻鈻冣杺鈻佲杺鈻冣杺鈻冣杻鈻冣杻鈻呪枀鈻嗏枂鈻呪枃鈻呪枃鈻団枃鈻嗏枂鈻嗏枃鈻団枅鈻嗏枂鈻堚枃鈻団枅
wandb:       Episode/action_mean_ayaw 鈻勨枂鈻堚枂鈻勨杹鈻傗杻鈻佲杹鈻勨枂鈻嗏枂鈻呪杽鈻呪枂鈻呪杽鈻勨杽鈻勨杺鈻傗杺鈻冣杻鈻冣杻鈻傗杺鈻傗杹鈻傗杺鈻傗杺鈻佲杻
wandb:         Episode/action_mean_az 鈻堚杹鈻佲杹鈻佲杹鈻佲杹鈻佲杹鈻佲杹鈻佲杹鈻佲杹鈻佲杹鈻佲杹鈻佲杹鈻佲杹鈻佲杹鈻佲杹鈻佲杹鈻佲杹鈻佲杹鈻佲杹鈻佲杹鈻佲杹
wandb: Episode/action_saturation_rate 鈻堚枀鈻傗杹鈻佲杺鈻傗杺鈻傗杺鈻傗杺鈻傗杺鈻傗杺鈻傗杺鈻傗杺鈻傗杹鈻佲杺鈻佲杹鈻佲杹鈻佲杹鈻佲杹鈻佲杹鈻佲杹鈻佲杹鈻佲杹
wandb:          Episode/obs_clip_rate 鈻佲枅鈻勨杻鈻冣杻鈻冣杻鈻冣杻鈻冣杻鈻冣杻鈻冣杻鈻冣杻鈻冣杻鈻冣杻鈻冣杻鈻冣杻鈻冣杻鈻冣杻鈻冣杻鈻冣杻鈻冣杻鈻冣杻鈻冣杻
wandb:              Episode/rew_crash 鈻堚杹鈻佲杹鈻佲杹鈻佲杹鈻佲杹鈻佲杹鈻佲杹鈻佲杹鈻佲杹鈻佲杹鈻佲杹鈻佲杹鈻佲杹鈻佲杹鈻佲杹鈻佲杹鈻佲杹鈻佲杹鈻佲杹鈻佲杹
wandb:           Episode/rew_distance 鈻佲枃鈻団枅鈻堚枅鈻堚枅鈻堚枅鈻堚枅鈻堚枅鈻堚枅鈻堚枅鈻堚枅鈻堚枅鈻堚枅鈻堚枅鈻堚枅鈻堚枅鈻堚枅鈻堚枅鈻堚枅鈻堚枅鈻堚枅
wandb:            Episode/rew_success 鈻佲杹鈻佲杹鈻佲杹鈻佲杹鈻佲杹鈻佲杹鈻佲杹鈻佲杹鈻佲杹鈻佲杹鈻佲杹鈻佲杹鈻佲杹鈻佲杹鈻佲杹鈻佲杹鈻佲杹鈻佲杹鈻佲杹鈻佲杹
wandb:               Episode/rew_time 鈻佲杽鈻嗏枂鈻団枅鈻堚枅鈻堚枅鈻堚枅鈻堚枅鈻堚枅鈻堚枅鈻堚枅鈻堚枅鈻堚枅鈻堚枅鈻堚枅鈻堚枅鈻堚枅鈻堚枅鈻堚枅鈻堚枅鈻堚枅
wandb:                            +11 ...
wandb: 
wandb: Run summary:
wandb:         Episode/action_mean_ax 0.1119
wandb:         Episode/action_mean_ay 0.07955
wandb:       Episode/action_mean_ayaw -0.0974
wandb:         Episode/action_mean_az -4.03566
wandb: Episode/action_saturation_rate 4.03456
wandb:          Episode/obs_clip_rate 2.94502
wandb:              Episode/rew_crash -3.33333
wandb:           Episode/rew_distance -2.88769
wandb:            Episode/rew_success 0
wandb:               Episode/rew_time -0.06727
wandb:                            +11 ...
wandb: 
wandb: 馃殌 View run ausraeumen_sanity_check2 at: https://wandb.ai/koe-f-no/drone-landing/runs/s0ongqdq
wandb: 猸愶笍 View project at: https://wandb.ai/koe-f-no/drone-landing
wandb: Synced 5 W&B file(s), 0 media file(s), 0 artifact file(s) and 5 other file(s)
wandb: Find logs at: ./wandb/run-20260330_133200-s0ongqdq/logs
