/home/sc.uni-leipzig.de/fk67rahe/.local/lib/python3.13/site-packages/torch/_compile.py:54: UserWarning: optimizer contains a parameter group with duplicate parameters; in future, this will cause an error; see github.com/pytorch/pytorch/issues/40967 for more information
  return disable_fn(*args, **kwargs)
wandb: WARNING `start_method` is deprecated and will be removed in a future version of wandb. This setting is currently non-functional and safely ignored.
wandb: [wandb.login()] Loaded credentials for https://api.wandb.ai from /home/sc.uni-leipzig.de/fk67rahe/.netrc.
wandb: Currently logged in as: koe-f (koe-f-no) to https://api.wandb.ai. Use `wandb login --relogin` to force relogin
wandb: setting up run 4swh9b7a
wandb: Tracking run with wandb version 0.25.1
wandb: Run data is saved locally in /home/sc.uni-leipzig.de/fk67rahe/genesis_v04/prototyp_obstacle_avoidance/wandb/run-20260329_195306-4swh9b7a
wandb: Run `wandb offline` to turn off syncing.
wandb: Syncing run rostock_04
wandb: 猸愶笍 View project at https://wandb.ai/koe-f-no/obstacle-avoidance
wandb: 馃殌 View run at https://wandb.ai/koe-f-no/obstacle-avoidance/runs/4swh9b7a
wandb: WARNING Symlinked 1 file into the W&B run directory; call wandb.save again to sync new files.
wandb: WARNING Symlinked 1 file into the W&B run directory; call wandb.save again to sync new files.
wandb: WARNING Symlinked 1 file into the W&B run directory; call wandb.save again to sync new files.
wandb: WARNING Symlinked 1 file into the W&B run directory; call wandb.save again to sync new files.
wandb: WARNING Symlinked 1 file into the W&B run directory; call wandb.save again to sync new files.
wandb: WARNING Symlinked 1 file into the W&B run directory; call wandb.save again to sync new files.
wandb: WARNING Symlinked 1 file into the W&B run directory; call wandb.save again to sync new files.
wandb: WARNING Symlinked 1 file into the W&B run directory; call wandb.save again to sync new files.
wandb: WARNING Symlinked 1 file into the W&B run directory; call wandb.save again to sync new files.
wandb: WARNING Symlinked 1 file into the W&B run directory; call wandb.save again to sync new files.
wandb: WARNING Symlinked 1 file into the W&B run directory; call wandb.save again to sync new files.
wandb: updating run metadata
wandb: uploading model_999.pt; uploading output.log
wandb: uploading history steps 996-999, summary, console lines 28923-29010
wandb: 
wandb: Run history:
wandb:         Episode/action_mean_ax 鈻勨杽鈻冣杻鈻傗枂鈻堚枃鈻団枂鈻団枃鈻団杽鈻冣杻鈻冣杺鈻傗杻鈻冣杻鈻傗杹鈻佲杹鈻佲杹鈻佲杹鈻佲杹鈻傗杺鈻傗杹鈻傗杺鈻傗杹
wandb:         Episode/action_mean_ay 鈻傗杺鈻佲杺鈻嗏枂鈻嗏枂鈻嗏枂鈻呪枀鈻呪枂鈻嗏枂鈻嗏枂鈻団枃鈻団枀鈻呪枀鈻呪枂鈻嗏枀鈻勨枃鈻団枃鈻堚枅鈻団枃鈻団枃鈻堚枅
wandb:       Episode/action_mean_ayaw 鈻嗏枀鈻呪杺鈻呪枅鈻呪枀鈻呪枀鈻呪枀鈻佲枀鈻嗏枀鈻呪枀鈻呪枀鈻嗏枂鈻勨枀鈻呪枀鈻呪枂鈻勨枀鈻呪枀鈻呪枀鈻呪枀鈻呪枀鈻呪枀
wandb:         Episode/action_mean_az 鈻冣杹鈻勨杻鈻傗杺鈻嗏枃鈻団枃鈻呪枂鈻呪枂鈻嗏枂鈻団枃鈻嗏枂鈻団枅鈻団枂鈻嗏枂鈻団枃鈻団枃鈻団枅鈻団枃鈻団枃鈻団枅鈻堚枅
wandb: Episode/action_saturation_rate 鈻佲杻鈻嗏枂鈻嗏杽鈻呪枀鈻呪杻鈻勨枀鈻勨杽鈻呪枂鈻呪枀鈻呪枀鈻嗏枀鈻勨枀鈻呪枀鈻団枀鈻呪枂鈻嗏枂鈻嗏枂鈻堚枅鈻団枃鈻団枅
wandb:          Episode/obs_clip_rate 鈻佲杽鈻傗枀鈻冣杽鈻堚枂鈻冣杽鈻冣杽鈻勨杻鈻勨枅鈻呪杽鈻勨枀鈻呪杽鈻呪枀鈻勨杽鈻勨杽鈻勨枀鈻呪枀鈻呪枃鈻呪枂鈻嗏枀鈻堚枃
wandb:              Episode/rew_crash 鈻佲杹鈻傗杽鈻冣杺鈻傗杺鈻佲杺鈻冣杺鈻佲杹鈻佲杽鈻勨杺鈻冣杺鈻堚杽鈻冣杻鈻勨杺鈻勨杽鈻冣杽鈻呪杽鈻呪枂鈻団枅鈻堚枀鈻嗏枂
wandb:  Episode/rew_distance_absolute 鈻嗏枀鈻呪枀鈻嗏枀鈻嗏枀鈻呪杻鈻冣杺鈻佲杹鈻佲杽鈻勨杽鈻勨杽鈻勨杽鈻呪杻鈻呪枀鈻呪杽鈻呪杽鈻嗏枂鈻嗏枀鈻嗏枂鈻団枃鈻堚枂
wandb: Episode/rew_obstacle_proximity 鈻佲杹鈻佲杹鈻佲杹鈻佲杹鈻佲杹鈻佲杹鈻佲杹鈻佲杹鈻佲杹鈻佲杹鈻佲杹鈻佲杹鈻佲杹鈻佲杹鈻佲杹鈻佲杹鈻佲杹鈻佲杹鈻佲杹鈻佲杹
wandb:            Episode/rew_success 鈻佲杹鈻佲杹鈻佲杹鈻佲杹鈻佲杹鈻佲杹鈻佲杹鈻佲杹鈻佲杹鈻佲杹鈻佲杹鈻佲杹鈻佲杹鈻佲杹鈻佲杹鈻佲杹鈻佲杹鈻佲杹鈻佲杹鈻佲杹
wandb:                            +11 ...
wandb: 
wandb: Run summary:
wandb:         Episode/action_mean_ax -19.70985
wandb:         Episode/action_mean_ay 24.89921
wandb:       Episode/action_mean_ayaw 0.56074
wandb:         Episode/action_mean_az 25.44513
wandb: Episode/action_saturation_rate 25.44513
wandb:          Episode/obs_clip_rate 19.07015
wandb:              Episode/rew_crash -1.51453
wandb:  Episode/rew_distance_absolute 0.09185
wandb: Episode/rew_obstacle_proximity 0
wandb:            Episode/rew_success 0
wandb:                            +11 ...
wandb: 
wandb: 馃殌 View run rostock_04 at: https://wandb.ai/koe-f-no/obstacle-avoidance/runs/4swh9b7a
wandb: 猸愶笍 View project at: https://wandb.ai/koe-f-no/obstacle-avoidance
wandb: Synced 5 W&B file(s), 0 media file(s), 0 artifact file(s) and 11 other file(s)
wandb: Find logs at: ./wandb/run-20260329_195306-4swh9b7a/logs
