wandb: WARNING `start_method` is deprecated and will be removed in a future version of wandb. This setting is currently non-functional and safely ignored.
wandb: [wandb.login()] Loaded credentials for https://api.wandb.ai from /home/sc.uni-leipzig.de/fk67rahe/.netrc.
wandb: Currently logged in as: koe-f (koe-f-no) to https://api.wandb.ai. Use `wandb login --relogin` to force relogin
wandb: setting up run n40nq9rj
wandb: Tracking run with wandb version 0.25.1
wandb: Run data is saved locally in /home/sc.uni-leipzig.de/fk67rahe/genesis_v04/prototyp_global_coordinate/wandb/run-20260321_083905-n40nq9rj
wandb: Run `wandb offline` to turn off syncing.
wandb: Syncing run sanity_check
wandb: ‚≠źÔłŹ View project at https://wandb.ai/koe-f-no/drone-landing
wandb: ūüöÄ View run at https://wandb.ai/koe-f-no/drone-landing/runs/n40nq9rj
wandb: WARNING Symlinked 1 file into the W&B run directory; call wandb.save again to sync new files.
wandb: WARNING Symlinked 1 file into the W&B run directory; call wandb.save again to sync new files.
wandb: WARNING Symlinked 1 file into the W&B run directory; call wandb.save again to sync new files.
wandb: WARNING Symlinked 1 file into the W&B run directory; call wandb.save again to sync new files.
wandb: WARNING Symlinked 1 file into the W&B run directory; call wandb.save again to sync new files.
wandb: updating run metadata
wandb: uploading output.log; uploading wandb-summary.json; uploading config.yaml; uploading model_400.pt
wandb: uploading output.log; uploading model_400.pt
wandb: uploading history steps 391-400, summary, console lines 8606-8826
wandb: 
wandb: Run history:
wandb:    Episode/rew_crash ‚Ėą‚Ėą‚Ėą‚Ėą‚Ėą‚Ėā‚ĖĀ‚ĖĀ‚ĖĀ‚Ėá‚Ėá‚Ėá‚Ėá‚Ėą‚Ėą‚Ėą‚Ėą‚Ėą‚Ėą‚Ėą‚Ėą‚Ėą‚Ėą‚Ėą‚Ėą‚Ėą‚Ėą‚Ėą‚Ėą‚Ėą‚Ėą‚Ėą‚Ėą‚Ėą‚Ėą‚Ėą‚Ėą‚Ėą‚Ėą‚Ėą
wandb: Episode/rew_distance ‚Ėą‚ĖÖ‚ĖĄ‚ĖÉ‚ĖĀ‚ĖĀ‚Ėā‚ĖÉ‚ĖÉ‚Ėā‚ĖÜ‚ĖÜ‚Ėą‚Ėą‚Ėą‚Ėą‚Ėą‚Ėą‚Ėą‚Ėą‚Ėą‚Ėą‚Ėą‚Ėą‚Ėą‚Ėą‚Ėą‚Ėą‚Ėą‚Ėą‚Ėą‚Ėą‚Ėą‚Ėą‚Ėą‚Ėą‚Ėą‚Ėą‚Ėą‚Ėą
wandb:  Episode/rew_success ‚ĖĀ‚ĖĀ‚ĖĀ‚ĖĀ‚ĖĀ‚ĖĀ‚ĖĀ‚ĖĀ‚ĖĀ‚ĖĀ‚ĖĀ‚ĖĀ‚Ėā‚ĖÉ‚ĖĄ‚Ėá‚ĖÉ‚ĖĄ‚ĖÜ‚ĖĄ‚Ėá‚Ėą‚Ėą‚Ėą‚Ėą‚Ėą‚Ėą‚Ėą‚Ėą‚Ėą‚Ėą‚Ėą‚Ėą‚Ėą‚Ėą‚Ėą‚Ėą‚Ėą‚Ėą‚Ėą
wandb:     Episode/rew_time ‚Ėą‚ĖÖ‚Ėā‚ĖĀ‚ĖĀ‚Ėā‚ĖĀ‚ĖĀ‚ĖĀ‚ĖĀ‚Ėā‚Ėā‚Ėā‚ĖÉ‚ĖÉ‚ĖÜ‚ĖÜ‚ĖÜ‚ĖÜ‚ĖÜ‚ĖÜ‚ĖÜ‚ĖÜ‚ĖÜ‚ĖÜ‚ĖÜ‚ĖÜ‚ĖÜ‚ĖÜ‚ĖÜ‚ĖÜ‚Ėá‚Ėá‚Ėá‚Ėá‚Ėá‚Ėá‚Ėá‚Ėá‚Ėá
wandb:         Loss/entropy ‚Ėą‚Ėą‚Ėą‚Ėą‚Ėą‚Ėą‚Ėą‚Ėą‚Ėą‚Ėą‚Ėą‚Ėą‚Ėá‚Ėá‚ĖÜ‚ĖÜ‚ĖÜ‚ĖÜ‚ĖÖ‚ĖÖ‚ĖÖ‚ĖÖ‚ĖĄ‚ĖĄ‚ĖĄ‚ĖĄ‚ĖĄ‚ĖÉ‚ĖÉ‚ĖÉ‚ĖÉ‚Ėā‚Ėā‚Ėā‚Ėā‚Ėā‚Ėā‚ĖĀ‚ĖĀ‚ĖĀ
wandb:   Loss/learning_rate ‚Ėā‚Ėą‚Ėą‚Ėą‚Ėą‚Ėą‚Ėą‚Ėą‚Ėą‚Ėą‚Ėą‚Ėą‚Ėą‚Ėą‚Ėą‚Ėą‚Ėą‚Ėą‚Ėą‚Ėą‚Ėą‚Ėą‚Ėą‚Ėą‚Ėą‚Ėą‚Ėą‚Ėą‚Ėą‚Ėą‚Ėą‚Ėą‚ĖĄ‚ĖĄ‚ĖĄ‚Ėą‚ĖĄ‚Ėą‚ĖĀ‚ĖĀ
wandb:       Loss/surrogate ‚Ėā‚Ėā‚Ėā‚Ėā‚Ėā‚Ėā‚Ėā‚Ėā‚ĖĀ‚Ėā‚ĖĀ‚Ėā‚Ėā‚Ėā‚Ėā‚Ėā‚ĖÉ‚Ėā‚Ėā‚Ėā‚Ėā‚ĖĄ‚ĖÉ‚ĖÉ‚ĖÉ‚ĖĄ‚ĖĄ‚Ėā‚ĖÉ‚ĖĄ‚ĖĄ‚ĖÖ‚ĖÜ‚ĖĄ‚ĖĀ‚Ėá‚ĖÖ‚ĖÜ‚Ėą‚ĖÜ
wandb:           Loss/value ‚Ėā‚Ėā‚Ėā‚ĖÉ‚Ėā‚ĖĀ‚Ėā‚ĖĀ‚ĖĀ‚ĖĀ‚ĖĀ‚ĖĀ‚ĖĀ‚Ėā‚ĖÉ‚Ėā‚ĖÉ‚ĖÉ‚ĖĄ‚ĖĄ‚ĖÜ‚Ėá‚Ėá‚ĖÜ‚Ėá‚ĖÜ‚Ėą‚ĖÖ‚ĖĄ‚ĖĄ‚ĖÉ‚ĖÉ‚ĖĄ‚ĖÉ‚Ėā‚Ėā‚Ėā‚Ėā‚Ėā‚Ėā
wandb: Perf/collection_time ‚ĖĄ‚ĖÉ‚ĖĄ‚ĖĄ‚ĖÖ‚ĖÜ‚ĖÖ‚ĖĄ‚Ėā‚ĖÉ‚Ėā‚ĖĀ‚ĖÖ‚Ėá‚ĖÖ‚ĖÖ‚Ėá‚ĖÜ‚ĖÜ‚Ėá‚ĖÜ‚Ėá‚ĖÜ‚Ėá‚ĖÜ‚Ėą‚Ėá‚Ėá‚Ėą‚Ėą‚ĖÜ‚Ėá‚Ėá‚Ėá‚Ėą‚Ėá‚Ėá‚Ėá‚Ėá‚Ėá
wandb:   Perf/learning_time ‚Ėą‚ĖĀ‚ĖĀ‚ĖĀ‚Ėā‚Ėā‚Ėā‚Ėā‚ĖĀ‚Ėā‚Ėā‚Ėā‚ĖĀ‚ĖĀ‚ĖĀ‚ĖĀ‚ĖĀ‚ĖĀ‚ĖĀ‚ĖĀ‚ĖĀ‚ĖĀ‚ĖĀ‚ĖĀ‚ĖĀ‚ĖĀ‚ĖĀ‚ĖĀ‚ĖĀ‚ĖĀ‚ĖĀ‚ĖĀ‚ĖĀ‚ĖĀ‚ĖĀ‚ĖĀ‚ĖĀ‚ĖĀ‚ĖĀ‚ĖĀ
wandb:                   +4 ...
wandb: 
wandb: Run summary:
wandb:    Episode/rew_crash 0
wandb: Episode/rew_distance -4.72249
wandb:  Episode/rew_success 6.66667
wandb:     Episode/rew_time -0.10384
wandb:         Loss/entropy 1.13755
wandb:   Loss/learning_rate 0.00444
wandb:       Loss/surrogate 0.00157
wandb:           Loss/value 49.48957
wandb: Perf/collection_time 1.22091
wandb:   Perf/learning_time 0.20449
wandb:                   +4 ...
wandb: 
wandb: ūüöÄ View run sanity_check at: https://wandb.ai/koe-f-no/drone-landing/runs/n40nq9rj
wandb: ‚≠źÔłŹ View project at: https://wandb.ai/koe-f-no/drone-landing
wandb: Synced 5 W&B file(s), 0 media file(s), 0 artifact file(s) and 5 other file(s)
wandb: Find logs at: ./wandb/run-20260321_083905-n40nq9rj/logs
