/home/sc.uni-leipzig.de/fk67rahe/.local/lib/python3.13/site-packages/torch/_compile.py:54: UserWarning: optimizer contains a parameter group with duplicate parameters; in future, this will cause an error; see github.com/pytorch/pytorch/issues/40967 for more information
  return disable_fn(*args, **kwargs)
wandb: WARNING `start_method` is deprecated and will be removed in a future version of wandb. This setting is currently non-functional and safely ignored.
wandb: [wandb.login()] Loaded credentials for https://api.wandb.ai from /home/sc.uni-leipzig.de/fk67rahe/.netrc.
wandb: Currently logged in as: koe-f (koe-f-no) to https://api.wandb.ai. Use `wandb login --relogin` to force relogin
wandb: setting up run ansvqrg2
wandb: Tracking run with wandb version 0.25.1
wandb: Run data is saved locally in /home/sc.uni-leipzig.de/fk67rahe/genesis_v04/prototyp_obstacle_avoidance/wandb/run-20260329_224731-ansvqrg2
wandb: Run `wandb offline` to turn off syncing.
wandb: Syncing run rostock_05
wandb: 猸愶笍 View project at https://wandb.ai/koe-f-no/obstacle-avoidance
wandb: 馃殌 View run at https://wandb.ai/koe-f-no/obstacle-avoidance/runs/ansvqrg2
wandb: WARNING Symlinked 1 file into the W&B run directory; call wandb.save again to sync new files.
wandb: WARNING Symlinked 1 file into the W&B run directory; call wandb.save again to sync new files.
wandb: WARNING Symlinked 1 file into the W&B run directory; call wandb.save again to sync new files.
wandb: WARNING Symlinked 1 file into the W&B run directory; call wandb.save again to sync new files.
wandb: WARNING Symlinked 1 file into the W&B run directory; call wandb.save again to sync new files.
wandb: WARNING Symlinked 1 file into the W&B run directory; call wandb.save again to sync new files.
wandb: WARNING Symlinked 1 file into the W&B run directory; call wandb.save again to sync new files.
wandb: WARNING Symlinked 1 file into the W&B run directory; call wandb.save again to sync new files.
wandb: WARNING Symlinked 1 file into the W&B run directory; call wandb.save again to sync new files.
wandb: WARNING Symlinked 1 file into the W&B run directory; call wandb.save again to sync new files.
wandb: WARNING Symlinked 1 file into the W&B run directory; call wandb.save again to sync new files.
wandb: updating run metadata
wandb: uploading model_999.pt; uploading output.log; uploading wandb-summary.json
wandb: uploading model_999.pt; uploading output.log
wandb: uploading history steps 994-999, summary, console lines 28865-29010
wandb: 
wandb: Run history:
wandb:         Episode/action_mean_ax 鈻冣杽鈻冣枀鈻呪枀鈻呪杽鈻冣杻鈻佲杽鈻勨枂鈻嗏枀鈻呪枀鈻冣杻鈻傗杹鈻佲杽鈻勨杽鈻勨枂鈻嗏枂鈻勨枃鈻団枂鈻団杻鈻勨枂鈻堚枅
wandb:         Episode/action_mean_ay 鈻呪杽鈻呪枀鈻呪枀鈻勨杽鈻呪枀鈻嗏枂鈻嗏枂鈻勨杻鈻冣杽鈻勨枀鈻呪枀鈻嗏枀鈻勨杹鈻傗杺鈻傗杺鈻団枂鈻嗏枀鈻呪枀鈻呪枀鈻呪枅
wandb:       Episode/action_mean_ayaw 鈻呪枀鈻呪杽鈻冣杽鈻勨杽鈻冣枀鈻呪杻鈻勨枀鈻勨杻鈻冣杽鈻呪枀鈻堚枂鈻堚枀鈻堚枀鈻佲杹鈻傗杹鈻冣杽鈻勨枀鈻呪杻鈻佲杹鈻佲杹
wandb:         Episode/action_mean_az 鈻呪杽鈻嗏枂鈻呪枀鈻呪杽鈻呪枀鈻呪杽鈻勨杽鈻堚枀鈻呪杽鈻嗏枃鈻冣杽鈻勨杽鈻勨枂鈻嗏枀鈻勨杻鈻佲杹鈻佲杹鈻傗杺鈻団枃鈻団枀
wandb: Episode/action_saturation_rate 鈻佲杺鈻佲杹鈻佲杹鈻傗杻鈻傗杹鈻冣杻鈻傗杺鈻傗杺鈻勨枂鈻堚枅鈻嗏枂鈻呪枃鈻堚枃鈻団杺鈻冣枂鈻団枂鈻嗏杽鈻勨杽鈻嗏枂鈻嗏枂
wandb:          Episode/obs_clip_rate 鈻佲杽鈻呪杽鈻呪杽鈻呪枀鈻呪枀鈻呪枀鈻呪枀鈻呪枀鈻呪枀鈻呪枀鈻呪枀鈻呪枀鈻呪枂鈻団枃鈻呪枀鈻堚枃鈻団枃鈻呪枃鈻団枀鈻嗏枃
wandb:              Episode/rew_crash 鈻佲杹鈻佲杹鈻傗杹鈻佲杺鈻佲杹鈻傗杺鈻傗杺鈻傗杹鈻傗杹鈻佲杹鈻冣枀鈻傗枀鈻佲枃鈻佲杺鈻冣杹鈻冣杽鈻堚杻鈻冣杻鈻冣杹鈻佲杹
wandb:  Episode/rew_distance_absolute 鈻冣杻鈻冣杽鈻冣杻鈻勨杽鈻冣杻鈻佲杹鈻傗杺鈻傗杺鈻傗杽鈻勨杽鈻勨杽鈻呪枀鈻堚杻鈻呪杽鈻勨枃鈻佲杻鈻冣杻鈻勨枀鈻堚杺鈻傗杹
wandb: Episode/rew_obstacle_proximity 鈻佲杹鈻佲杹鈻佲杹鈻佲杹鈻佲杹鈻佲杹鈻佲杹鈻佲杹鈻佲杹鈻佲杹鈻佲杹鈻佲杹鈻佲杹鈻佲杹鈻佲杹鈻佲杹鈻佲杹鈻佲杹鈻佲杹鈻佲杹
wandb:            Episode/rew_success 鈻佲杹鈻佲杹鈻佲杹鈻佲杹鈻佲杹鈻佲杹鈻佲杹鈻佲杹鈻佲杹鈻佲杹鈻佲杹鈻佲杹鈻佲杹鈻佲杹鈻佲杹鈻佲杹鈻佲杹鈻佲杹鈻佲杹鈻佲杹
wandb:                            +11 ...
wandb: 
wandb: Run summary:
wandb:         Episode/action_mean_ax 24.29577
wandb:         Episode/action_mean_ay 22.4649
wandb:       Episode/action_mean_ayaw -24.31014
wandb:         Episode/action_mean_az -0.52753
wandb: Episode/action_saturation_rate 24.31014
wandb:          Episode/obs_clip_rate 23.31014
wandb:              Episode/rew_crash -3.33333
wandb:  Episode/rew_distance_absolute 0.05768
wandb: Episode/rew_obstacle_proximity 0
wandb:            Episode/rew_success 0
wandb:                            +11 ...
wandb: 
wandb: 馃殌 View run rostock_05 at: https://wandb.ai/koe-f-no/obstacle-avoidance/runs/ansvqrg2
wandb: 猸愶笍 View project at: https://wandb.ai/koe-f-no/obstacle-avoidance
wandb: Synced 5 W&B file(s), 0 media file(s), 0 artifact file(s) and 11 other file(s)
wandb: Find logs at: ./wandb/run-20260329_224731-ansvqrg2/logs
