=== Starting multi-GPU training: Thu Mar 26 01:02:42 PM CET 2026 ===
Host: paula12.sc.uni-leipzig.de
GPUs: NVIDIA A30,NVIDIA A30
Experiment: multi_gpu_testrun, Envs/GPU: 32, Total: 64
[ObstacleAvoidanceEnv] Renderer: BatchRenderer (cfg='auto')
[ObstacleAvoidanceEnv] Renderer: BatchRenderer (cfg='auto')
[38;5;226m[Genesis] [13:02:57] [WARNING] Falling back to legacy URDF parser. Default values of physics properties may be off:
Error: unknown or unsupported mesh file: '/home/sc.uni-leipzig.de/fk67rahe/genesis_v04/assets/robots/draugas/meshes/main_body.dae' - Element name 'main_body', id 0[0m
[38;5;226m[Genesis] [13:02:57] [WARNING] Some free joint has non-zero frictionloss, damping or armature parameters. Beware it is non-physical.[0m
[38;5;226m[Genesis] [13:02:57] [WARNING] Falling back to legacy URDF parser. Default values of physics properties may be off:
Error: unknown or unsupported mesh file: '/home/sc.uni-leipzig.de/fk67rahe/genesis_v04/assets/robots/draugas/meshes/main_body.dae' - Element name 'main_body', id 0[0m
[38;5;226m[Genesis] [13:02:57] [WARNING] Some free joint has non-zero frictionloss, damping or armature parameters. Beware it is non-physical.[0m
[38;5;226m[Genesis] [13:03:02] [WARNING] Link 'prop0_link' has dubious mass 0.000 compared to the estimate from geometry 0.006 given material density 200.[0m
[38;5;226m[Genesis] [13:03:02] [WARNING] Ignoring inertia matrix of link 'prop0_link' because center of mass is not specified.[0m
[38;5;226m[Genesis] [13:03:02] [WARNING] Link 'prop1_link' has dubious mass 0.000 compared to the estimate from geometry 0.006 given material density 200.[0m
[38;5;226m[Genesis] [13:03:02] [WARNING] Ignoring inertia matrix of link 'prop1_link' because center of mass is not specified.[0m
[38;5;226m[Genesis] [13:03:02] [WARNING] Link 'prop2_link' has dubious mass 0.000 compared to the estimate from geometry 0.006 given material density 200.[0m
[38;5;226m[Genesis] [13:03:02] [WARNING] Ignoring inertia matrix of link 'prop2_link' because center of mass is not specified.[0m
[38;5;226m[Genesis] [13:03:02] [WARNING] Link 'prop3_link' has dubious mass 0.000 compared to the estimate from geometry 0.006 given material density 200.[0m
[38;5;226m[Genesis] [13:03:02] [WARNING] Ignoring inertia matrix of link 'prop3_link' because center of mass is not specified.[0m
[38;5;226m[Genesis] [13:03:02] [WARNING] Link 'prop0_link' has dubious mass 0.000 compared to the estimate from geometry 0.006 given material density 200.[0m
[38;5;226m[Genesis] [13:03:02] [WARNING] Ignoring inertia matrix of link 'prop0_link' because center of mass is not specified.[0m
[38;5;226m[Genesis] [13:03:02] [WARNING] Link 'prop1_link' has dubious mass 0.000 compared to the estimate from geometry 0.006 given material density 200.[0m
[38;5;226m[Genesis] [13:03:02] [WARNING] Ignoring inertia matrix of link 'prop1_link' because center of mass is not specified.[0m
[38;5;226m[Genesis] [13:03:02] [WARNING] Link 'prop2_link' has dubious mass 0.000 compared to the estimate from geometry 0.006 given material density 200.[0m
[38;5;226m[Genesis] [13:03:02] [WARNING] Ignoring inertia matrix of link 'prop2_link' because center of mass is not specified.[0m
[38;5;226m[Genesis] [13:03:02] [WARNING] Link 'prop3_link' has dubious mass 0.000 compared to the estimate from geometry 0.006 given material density 200.[0m
[38;5;226m[Genesis] [13:03:02] [WARNING] Ignoring inertia matrix of link 'prop3_link' because center of mass is not specified.[0m
Traceback (most recent call last):
  File "/home/sc.uni-leipzig.de/fk67rahe/genesis_v04/prototyp_obstacle_avoidance/train_rl_multigpu.py", line 247, in <module>
    main()
    ~~~~^^
  File "/home/sc.uni-leipzig.de/fk67rahe/genesis_v04/prototyp_obstacle_avoidance/train_rl_multigpu.py", line 230, in main
    env.build()
    ~~~~~~~~~^^
  File "/home/sc.uni-leipzig.de/fk67rahe/genesis_v04/prototyp_obstacle_avoidance/envs/obstacle_avoidance_env.py", line 203, in build
    scene.build(n_envs=self.num_envs, env_spacing=(env_spacing, env_spacing))
    ~~~~~~~~~~~^^^^^^^^^^^^^^^^^^^^^^^^^^^^^^^^^^^^^^^^^^^^^^^^^^^^^^^^^^^^^^
  File "/home/sc.uni-leipzig.de/fk67rahe/.conda/envs/ba_v04/lib/python3.13/site-packages/genesis/utils/misc.py", line 138, in wrapper
    return method(self, *args, **kwargs)
  File "/home/sc.uni-leipzig.de/fk67rahe/.conda/envs/ba_v04/lib/python3.13/site-packages/genesis/engine/scene.py", line 871, in build
    self._sim.build()
    ~~~~~~~~~~~~~~~^^
  File "/home/sc.uni-leipzig.de/fk67rahe/.conda/envs/ba_v04/lib/python3.13/site-packages/genesis/engine/simulator.py", line 203, in build
    solver.build()
    ~~~~~~~~~~~~^^
  File "/home/sc.uni-leipzig.de/fk67rahe/.conda/envs/ba_v04/lib/python3.13/site-packages/genesis/engine/solvers/rigid/rigid_solver.py", line 352, in build
    self._init_invweight_and_meaninertia(force_update=False)
    ~~~~~~~~~~~~~~~~~~~~~~~~~~~~~~~~~~~~^^^^^^^^^^^^^^^^^^^^
  File "/home/sc.uni-leipzig.de/fk67rahe/.conda/envs/ba_v04/lib/python3.13/site-packages/genesis/engine/solvers/rigid/rigid_solver.py", line 488, in _init_invweight_and_meaninertia
    qpos = qd_to_torch(self.qpos0, envs_idx, transpose=True)
  File "/home/sc.uni-leipzig.de/fk67rahe/.conda/envs/ba_v04/lib/python3.13/site-packages/genesis/utils/misc.py", line 659, in qd_to_torch
    return tensor[mask]
           ~~~~~~^^^^^^
  File "/home/sc.uni-leipzig.de/fk67rahe/.local/lib/python3.13/site-packages/torch/utils/_device.py", line 109, in __torch_function__
    return func(*args, **kwargs)
RuntimeError: indices should be either on cpu or on the same device as the indexed tensor (cuda:0)

[38;5;9m[Genesis] [13:03:05] [ERROR] RuntimeError: indices should be either on cpu or on the same device as the indexed tensor (cuda:0)[0m
=== Training complete: Thu Mar 26 01:03:12 PM CET 2026 ===
