=== Starting training: Sun Mar 22 06:07:46 PM CET 2026 ===
Host: paula08.sc.uni-leipzig.de, GPU: NVIDIA A30
Experiment: reduced_action_scales, Seed: 0
[ObstacleAvoidanceEnv] Renderer: BatchRenderer (cfg='auto')
[38;5;226m[Genesis] [18:08:00] [WARNING] Falling back to legacy URDF parser. Default values of physics properties may be off:
Error: unknown or unsupported mesh file: '/home/sc.uni-leipzig.de/fk67rahe/genesis_v04/assets/robots/draugas/meshes/main_body.dae' - Element name 'main_body', id 0[0m
[38;5;226m[Genesis] [18:08:00] [WARNING] Some free joint has non-zero frictionloss, damping or armature parameters. Beware it is non-physical.[0m
[38;5;226m[Genesis] [18:08:05] [WARNING] Link 'prop0_link' has dubious mass 0.000 compared to the estimate from geometry 0.006 given material density 200.[0m
[38;5;226m[Genesis] [18:08:05] [WARNING] Ignoring inertia matrix of link 'prop0_link' because center of mass is not specified.[0m
[38;5;226m[Genesis] [18:08:05] [WARNING] Link 'prop1_link' has dubious mass 0.000 compared to the estimate from geometry 0.006 given material density 200.[0m
[38;5;226m[Genesis] [18:08:05] [WARNING] Ignoring inertia matrix of link 'prop1_link' because center of mass is not specified.[0m
[38;5;226m[Genesis] [18:08:05] [WARNING] Link 'prop2_link' has dubious mass 0.000 compared to the estimate from geometry 0.006 given material density 200.[0m
[38;5;226m[Genesis] [18:08:05] [WARNING] Ignoring inertia matrix of link 'prop2_link' because center of mass is not specified.[0m
[38;5;226m[Genesis] [18:08:05] [WARNING] Link 'prop3_link' has dubious mass 0.000 compared to the estimate from geometry 0.006 given material density 200.[0m
[38;5;226m[Genesis] [18:08:05] [WARNING] Ignoring inertia matrix of link 'prop3_link' because center of mass is not specified.[0m
--------------------------------------------------------------------------------
Resolved observation sets: 
	 actor :  ['state', 'depth']
	 critic :  ['state', 'depth']
--------------------------------------------------------------------------------
Actor Model: CNNModel(
  (obs_normalizer): Identity()
  (distribution): GaussianDistribution()
  (mlp): MLP(
    (0): Linear(in_features=8209, out_features=256, bias=True)
    (1): ELU(alpha=1.0)
    (2): Linear(in_features=256, out_features=256, bias=True)
    (3): ELU(alpha=1.0)
    (4): Linear(in_features=256, out_features=4, bias=True)
  )
  (cnns): ModuleDict(
    (depth): CNN(
      (0): Conv2d(1, 32, kernel_size=(8, 8), stride=(4, 4), padding=(2, 2))
      (1): BatchNorm2d(32, eps=1e-05, momentum=0.1, affine=True, track_running_stats=True)
      (2): ELU(alpha=1.0)
      (3): Conv2d(32, 64, kernel_size=(4, 4), stride=(2, 2), padding=(1, 1))
      (4): BatchNorm2d(64, eps=1e-05, momentum=0.1, affine=True, track_running_stats=True)
      (5): ELU(alpha=1.0)
      (6): Conv2d(64, 128, kernel_size=(3, 3), stride=(1, 1), padding=(1, 1))
      (7): BatchNorm2d(128, eps=1e-05, momentum=0.1, affine=True, track_running_stats=True)
      (8): ELU(alpha=1.0)
      (9): Flatten(start_dim=1, end_dim=-1)
    )
  )
)
Sharing CNN encoders between models, the CNN configurations of the receiving model are ignored.
Critic Model: CNNModel(
  (obs_normalizer): Identity()
  (mlp): MLP(
    (0): Linear(in_features=8209, out_features=256, bias=True)
    (1): ELU(alpha=1.0)
    (2): Linear(in_features=256, out_features=256, bias=True)
    (3): ELU(alpha=1.0)
    (4): Linear(in_features=256, out_features=1, bias=True)
  )
  (cnns): ModuleDict(
    (depth): CNN(
      (0): Conv2d(1, 32, kernel_size=(8, 8), stride=(4, 4), padding=(2, 2))
      (1): BatchNorm2d(32, eps=1e-05, momentum=0.1, affine=True, track_running_stats=True)
      (2): ELU(alpha=1.0)
      (3): Conv2d(32, 64, kernel_size=(4, 4), stride=(2, 2), padding=(1, 1))
      (4): BatchNorm2d(64, eps=1e-05, momentum=0.1, affine=True, track_running_stats=True)
      (5): ELU(alpha=1.0)
      (6): Conv2d(64, 128, kernel_size=(3, 3), stride=(1, 1), padding=(1, 1))
      (7): BatchNorm2d(128, eps=1e-05, momentum=0.1, affine=True, track_running_stats=True)
      (8): ELU(alpha=1.0)
      (9): Flatten(start_dim=1, end_dim=-1)
    )
  )
)
Could not find git repository in /home/sc.uni-leipzig.de/fk67rahe/.conda/envs/ba_v04/lib/python3.13/site-packages/rsl_rl/__init__.py. Skipping.
Traceback (most recent call last):
  File "/home/sc.uni-leipzig.de/fk67rahe/genesis_v04/prototyp_obstacle_avoidance/train_rl_wb.py", line 219, in <module>
    main()
    ~~~~^^
  File "/home/sc.uni-leipzig.de/fk67rahe/genesis_v04/prototyp_obstacle_avoidance/train_rl_wb.py", line 215, in main
    runner.learn(num_learning_iterations=args.max_iterations, init_at_random_ep_len=True)
    ~~~~~~~~~~~~^^^^^^^^^^^^^^^^^^^^^^^^^^^^^^^^^^^^^^^^^^^^^^^^^^^^^^^^^^^^^^^^^^^^^^^^^
  File "/home/sc.uni-leipzig.de/fk67rahe/.conda/envs/ba_v04/lib/python3.13/site-packages/rsl_rl/runners/on_policy_runner.py", line 108, in learn
    loss_dict = self.alg.update()
  File "/home/sc.uni-leipzig.de/fk67rahe/.conda/envs/ba_v04/lib/python3.13/site-packages/rsl_rl/algorithms/ppo.py", line 263, in update
    values = self.critic(batch.observations, masks=batch.masks, hidden_state=batch.hidden_states[1])
  File "/home/sc.uni-leipzig.de/fk67rahe/.local/lib/python3.13/site-packages/torch/nn/modules/module.py", line 1776, in _wrapped_call_impl
    return self._call_impl(*args, **kwargs)
           ~~~~~~~~~~~~~~~^^^^^^^^^^^^^^^^^
  File "/home/sc.uni-leipzig.de/fk67rahe/.local/lib/python3.13/site-packages/torch/nn/modules/module.py", line 1787, in _call_impl
    return forward_call(*args, **kwargs)
  File "/home/sc.uni-leipzig.de/fk67rahe/.conda/envs/ba_v04/lib/python3.13/site-packages/rsl_rl/models/mlp_model.py", line 99, in forward
    latent = self.get_latent(obs, masks, hidden_state)
  File "/home/sc.uni-leipzig.de/fk67rahe/.conda/envs/ba_v04/lib/python3.13/site-packages/rsl_rl/models/cnn_model.py", line 114, in get_latent
    latent_cnn_list = [self.cnns[obs_group](obs[obs_group]) for obs_group in self.obs_groups_2d]
                       ~~~~~~~~~~~~~~~~~~~~^^^^^^^^^^^^^^^^
  File "/home/sc.uni-leipzig.de/fk67rahe/.local/lib/python3.13/site-packages/torch/nn/modules/module.py", line 1776, in _wrapped_call_impl
    return self._call_impl(*args, **kwargs)
           ~~~~~~~~~~~~~~~^^^^^^^^^^^^^^^^^
  File "/home/sc.uni-leipzig.de/fk67rahe/.local/lib/python3.13/site-packages/torch/nn/modules/module.py", line 1787, in _call_impl
    return forward_call(*args, **kwargs)
  File "/home/sc.uni-leipzig.de/fk67rahe/.conda/envs/ba_v04/lib/python3.13/site-packages/rsl_rl/modules/cnn.py", line 160, in forward
    x = layer(x)
  File "/home/sc.uni-leipzig.de/fk67rahe/.local/lib/python3.13/site-packages/torch/nn/modules/module.py", line 1776, in _wrapped_call_impl
    return self._call_impl(*args, **kwargs)
           ~~~~~~~~~~~~~~~^^^^^^^^^^^^^^^^^
  File "/home/sc.uni-leipzig.de/fk67rahe/.local/lib/python3.13/site-packages/torch/nn/modules/module.py", line 1787, in _call_impl
    return forward_call(*args, **kwargs)
  File "/home/sc.uni-leipzig.de/fk67rahe/.local/lib/python3.13/site-packages/torch/nn/modules/batchnorm.py", line 194, in forward
    return F.batch_norm(
           ~~~~~~~~~~~~^
        input,
        ^^^^^^
    ...<11 lines>...
        self.eps,
        ^^^^^^^^^
    )
    ^
  File "/home/sc.uni-leipzig.de/fk67rahe/.local/lib/python3.13/site-packages/torch/nn/functional.py", line 2827, in batch_norm
    return handle_torch_function(
        batch_norm,
    ...<8 lines>...
        eps=eps,
    )
  File "/home/sc.uni-leipzig.de/fk67rahe/.local/lib/python3.13/site-packages/torch/overrides.py", line 1740, in handle_torch_function
    result = mode.__torch_function__(public_api, types, args, kwargs)
  File "/home/sc.uni-leipzig.de/fk67rahe/.local/lib/python3.13/site-packages/torch/utils/_device.py", line 109, in __torch_function__
    return func(*args, **kwargs)
  File "/home/sc.uni-leipzig.de/fk67rahe/.local/lib/python3.13/site-packages/torch/nn/functional.py", line 2846, in batch_norm
    return torch.batch_norm(
           ~~~~~~~~~~~~~~~~^
        input,
        ^^^^^^
    ...<7 lines>...
        torch.backends.cudnn.enabled,
        ^^^^^^^^^^^^^^^^^^^^^^^^^^^^^
    )
    ^
torch.OutOfMemoryError: CUDA out of memory. Tried to allocate 1024.00 MiB. GPU 0 has a total capacity of 23.60 GiB of which 574.50 MiB is free. Including non-PyTorch memory, this process has 22.99 GiB memory in use. Of the allocated memory 15.71 GiB is allocated by PyTorch, and 412.39 MiB is reserved by PyTorch but unallocated. If reserved but unallocated memory is large try setting PYTORCH_ALLOC_CONF=expandable_segments:True to avoid fragmentation.  See documentation for Memory Management  (https://pytorch.org/docs/stable/notes/cuda.html#environment-variables)

[38;5;9m[Genesis] [18:09:58] [ERROR] OutOfMemoryError: CUDA out of memory. Tried to allocate 1024.00 MiB. GPU 0 has a total capacity of 23.60 GiB of which 574.50 MiB is free. Including non-PyTorch memory, this process has 22.99 GiB memory in use. Of the allocated memory 15.71 GiB is allocated by PyTorch, and 412.39 MiB is reserved by PyTorch but unallocated. If reserved but unallocated memory is large try setting PYTORCH_ALLOC_CONF=expandable_segments:True to avoid fragmentation.  See documentation for Memory Management  (https://pytorch.org/docs/stable/notes/cuda.html#environment-variables)[0m
[1;34mwandb[0m: 
[1;34mwandb[0m: 🚀 View run [33mreduced_action_scales[0m at: [34mhttps://wandb.ai/koe-f-no/obstacle-avoidance/runs/w3lhc2lt[0m
[1;34mwandb[0m: Find logs at: [1;35mwandb/run-20260322_180949-w3lhc2lt/logs[0m
=== Training complete: Sun Mar 22 06:10:02 PM CET 2026 ===
