/home/sc.uni-leipzig.de/fk67rahe/.local/lib/python3.13/site-packages/torch/_compile.py:54: UserWarning: optimizer contains a parameter group with duplicate parameters; in future, this will cause an error; see github.com/pytorch/pytorch/issues/40967 for more information
  return disable_fn(*args, **kwargs)
wandb: WARNING `start_method` is deprecated and will be removed in a future version of wandb. This setting is currently non-functional and safely ignored.
wandb: [wandb.login()] Loaded credentials for https://api.wandb.ai from /home/sc.uni-leipzig.de/fk67rahe/.netrc.
wandb: Currently logged in as: koe-f (koe-f-no) to https://api.wandb.ai. Use `wandb login --relogin` to force relogin
wandb: setting up run 8f2eb5k3
wandb: Tracking run with wandb version 0.25.1
wandb: Run data is saved locally in /home/sc.uni-leipzig.de/fk67rahe/genesis_v04/prototyp_obstacle_avoidance/wandb/run-20260330_122824-8f2eb5k3
wandb: Run `wandb offline` to turn off syncing.
wandb: Syncing run ausraeumen_01
wandb: 猸愶笍 View project at https://wandb.ai/koe-f-no/obstacle-avoidance
wandb: 馃殌 View run at https://wandb.ai/koe-f-no/obstacle-avoidance/runs/8f2eb5k3
wandb: WARNING Symlinked 1 file into the W&B run directory; call wandb.save again to sync new files.
wandb: WARNING Symlinked 1 file into the W&B run directory; call wandb.save again to sync new files.
wandb: WARNING Symlinked 1 file into the W&B run directory; call wandb.save again to sync new files.
wandb: WARNING Symlinked 1 file into the W&B run directory; call wandb.save again to sync new files.
wandb: WARNING Symlinked 1 file into the W&B run directory; call wandb.save again to sync new files.
wandb: WARNING Symlinked 1 file into the W&B run directory; call wandb.save again to sync new files.
wandb: WARNING Symlinked 1 file into the W&B run directory; call wandb.save again to sync new files.
wandb: WARNING Symlinked 1 file into the W&B run directory; call wandb.save again to sync new files.
wandb: WARNING Symlinked 1 file into the W&B run directory; call wandb.save again to sync new files.
wandb: WARNING Symlinked 1 file into the W&B run directory; call wandb.save again to sync new files.
wandb: WARNING Symlinked 1 file into the W&B run directory; call wandb.save again to sync new files.
wandb: updating run metadata
wandb: uploading model_999.pt; uploading output.log; uploading wandb-summary.json
wandb: uploading model_999.pt; uploading output.log
wandb: uploading history steps 998-999, summary, console lines 28981-29010
wandb: 
wandb: Run history:
wandb:         Episode/action_mean_ax 鈻呪枂鈻嗏枂鈻呪枀鈻嗏枅鈻団枃鈻嗏枅鈻嗏枀鈻嗏枂鈻呪枂鈻嗏枂鈻嗏枂鈻嗏枂鈻嗏枂鈻団枃鈻団枂鈻嗏枃鈻団杹鈻呪枃鈻嗏枀鈻佲枀
wandb:         Episode/action_mean_ay 鈻勨杻鈻冣杻鈻冣杻鈻冣杻鈻勨杽鈻傗杺鈻傗杹鈻傗杺鈻佲杺鈻傗杺鈻傗杺鈻傗杺鈻傗杻鈻勨杻鈻佲杹鈻勨枅鈻堚杻鈻冣杻鈻勨杻鈻冣枅
wandb:       Episode/action_mean_ayaw 鈻呪枀鈻勨枀鈻呪枀鈻呪枀鈻呪枀鈻嗏枀鈻呪枀鈻呪枀鈻嗏枂鈻傗枀鈻呪枀鈻呪枀鈻呪枀鈻呪枀鈻呪枀鈻呪杹鈻呪枀鈻呪枃鈻堚枅鈻冣枀
wandb:         Episode/action_mean_az 鈻傗杻鈻呪枂鈻嗏枃鈻嗏枂鈻呪枀鈻冣杺鈻冣杽鈻呪枃鈻勨杽鈻呪杽鈻呪枀鈻呪枀鈻勨杺鈻傗杻鈻傗杹鈻傗杽鈻冣杺鈻傗枂鈻堚枂鈻団枀
wandb: Episode/action_saturation_rate 鈻佲杻鈻勨杽鈻勨枀鈻団枂鈻団枅鈻団枅鈻堚枅鈻堚枅鈻堚枅鈻堚枅鈻堚枅鈻堚枅鈻堚枀鈻団枂鈻堚枃鈻団枅鈻堚杺鈻嗏枂鈻呪杻鈻団枂
wandb:          Episode/obs_clip_rate 鈻佲杺鈻佲杺鈻冣杺鈻冣杺鈻傗杻鈻勨杻鈻冣杻鈻嗏枀鈻嗏杺鈻嗏枂鈻嗏枂鈻団枃鈻団枃鈻団枃鈻団枃鈻団枃鈻団枀鈻勨枂鈻嗏枅鈻堚枀
wandb:              Episode/rew_crash 鈻佲杹鈻佲杹鈻傗杺鈻傗杺鈻傗杻鈻団枂鈻傗杽鈻団枅鈻団枅鈻団枅鈻堚枅鈻堚枅鈻堚枅鈻堚枃鈻団枃鈻嗏杻鈻団枀鈻嗏杹鈻冣杽鈻冣枂
wandb:      Episode/rew_distance_flat 鈻呪杽鈻勨杽鈻勨杽鈻勨杽鈻呪枀鈻呪枂鈻嗏枃鈻団枃鈻団枃鈻団杽鈻嗏枂鈻嗏枂鈻堚枃鈻堚枅鈻堚枅鈻団枅鈻団枅鈻団枀鈻冣杹鈻勨杽
wandb: Episode/rew_obstacle_proximity 鈻佲杹鈻佲杹鈻佲杹鈻佲杹鈻佲杹鈻佲杹鈻佲杹鈻佲杹鈻佲杹鈻佲杹鈻佲杹鈻佲杹鈻佲杹鈻佲杹鈻佲杹鈻佲杹鈻佲杹鈻佲杹鈻佲杹鈻佲杹
wandb:            Episode/rew_success 鈻佲杹鈻佲杹鈻佲杹鈻佲杹鈻佲杹鈻佲杹鈻佲杹鈻佲杹鈻佲杹鈻佲杹鈻佲杹鈻佲杹鈻佲杹鈻佲杹鈻佲杹鈻佲杹鈻佲杹鈻佲杹鈻佲杹鈻佲杹
wandb:                            +11 ...
wandb: 
wandb: Run summary:
wandb:         Episode/action_mean_ax 14.18974
wandb:         Episode/action_mean_ay 5.88232
wandb:       Episode/action_mean_ayaw -2.68447
wandb:         Episode/action_mean_az 8.81604
wandb: Episode/action_saturation_rate 24.2731
wandb:          Episode/obs_clip_rate 21.70238
wandb:              Episode/rew_crash -1.64206
wandb:      Episode/rew_distance_flat -1.91754
wandb: Episode/rew_obstacle_proximity 0
wandb:            Episode/rew_success 0
wandb:                            +11 ...
wandb: 
wandb: 馃殌 View run ausraeumen_01 at: https://wandb.ai/koe-f-no/obstacle-avoidance/runs/8f2eb5k3
wandb: 猸愶笍 View project at: https://wandb.ai/koe-f-no/obstacle-avoidance
wandb: Synced 5 W&B file(s), 0 media file(s), 0 artifact file(s) and 11 other file(s)
wandb: Find logs at: ./wandb/run-20260330_122824-8f2eb5k3/logs
