/home/sc.uni-leipzig.de/fk67rahe/.local/lib/python3.13/site-packages/torch/_compile.py:54: UserWarning: optimizer contains a parameter group with duplicate parameters; in future, this will cause an error; see github.com/pytorch/pytorch/issues/40967 for more information
  return disable_fn(*args, **kwargs)
wandb: WARNING `start_method` is deprecated and will be removed in a future version of wandb. This setting is currently non-functional and safely ignored.
wandb: [wandb.login()] Loaded credentials for https://api.wandb.ai from /home/sc.uni-leipzig.de/fk67rahe/.netrc.
wandb: Currently logged in as: koe-f (koe-f-no) to https://api.wandb.ai. Use `wandb login --relogin` to force relogin
wandb: setting up run cdrjmtfp
wandb: Tracking run with wandb version 0.25.1
wandb: Run data is saved locally in /home/sc.uni-leipzig.de/fk67rahe/genesis_v04/prototyp_obstacle_avoidance/wandb/run-20260328_180733-cdrjmtfp
wandb: Run `wandb offline` to turn off syncing.
wandb: Syncing run tranformder_1stepSuccess
wandb: 猸愶笍 View project at https://wandb.ai/koe-f-no/obstacle-avoidance
wandb: 馃殌 View run at https://wandb.ai/koe-f-no/obstacle-avoidance/runs/cdrjmtfp
wandb: WARNING Symlinked 1 file into the W&B run directory; call wandb.save again to sync new files.
wandb: WARNING Symlinked 1 file into the W&B run directory; call wandb.save again to sync new files.
wandb: WARNING Symlinked 1 file into the W&B run directory; call wandb.save again to sync new files.
wandb: WARNING Symlinked 1 file into the W&B run directory; call wandb.save again to sync new files.
wandb: WARNING Symlinked 1 file into the W&B run directory; call wandb.save again to sync new files.
wandb: WARNING Symlinked 1 file into the W&B run directory; call wandb.save again to sync new files.
wandb: updating run metadata
wandb: uploading output.log; uploading model_499.pt; uploading wandb-summary.json; uploading config.yaml
wandb: uploading output.log; uploading model_499.pt
wandb: uploading history steps 498-499, summary, console lines 14975-15005
wandb: 
wandb: Run history:
wandb:         Episode/action_mean_ax 鈻傗枀鈻団杺鈻佲杻鈻勨枃鈻堚枅鈻堚枃鈻団枃鈻団枃鈻団枃鈻嗏枃鈻嗏枂鈻呪枀鈻呪杻鈻冣杻鈻冣杺鈻冣杺鈻冣杻鈻冣杻鈻冣杻鈻勨杻
wandb:         Episode/action_mean_ay 鈻団枀鈻呪杽鈻堚枀鈻傗杹鈻冣枂鈻団枂鈻嗏枀鈻呪杽鈻勨杻鈻勨杻鈻勨杽鈻勨枀鈻勨枀鈻嗏枂鈻嗏枃鈻嗏枀鈻勨枀鈻嗏枀鈻呪枀鈻呪枀
wandb:       Episode/action_mean_ayaw 鈻団杹鈻堚枃鈻堚枀鈻呪杻鈻冣杺鈻勨枀鈻呪枀鈻呪杽鈻勨枀鈻呪枀鈻呪枀鈻呪枀鈻呪枀鈻呪枀鈻呪枀鈻勨杽鈻勨杽鈻勨杽鈻勨杽鈻勨杽
wandb:         Episode/action_mean_az 鈻団枀鈻堚杽鈻呪杺鈻傗杽鈻勨杽鈻傗杺鈻冣杻鈻傗杺鈻傗杺鈻傗杺鈻傗杻鈻傗杺鈻傗杺鈻傗杺鈻佲杹鈻佲杹鈻佲杹鈻佲杹鈻佲杹鈻佲杹
wandb: Episode/action_saturation_rate 鈻嗏枃鈻勨枀鈻冣杽鈻冣杽鈻冣杹鈻冣枀鈻冣枅鈻勨枀鈻冣杺鈻勨杺鈻傗杻鈻呪枀鈻勨枀鈻呪枅鈻団枃鈻嗏枀鈻冣枃鈻呪枀鈻嗏杺鈻呪杽
wandb:          Episode/obs_clip_rate 鈻堚杽鈻勨杽鈻勨杺鈻冣杻鈻冣杺鈻傗杺鈻冣杻鈻冣杺鈻傗杺鈻傗杺鈻傗杺鈻傗杺鈻佲杹鈻佲杹鈻佲杹鈻佲杹鈻佲杹鈻佲杹鈻佲杹鈻佲杹
wandb:              Episode/rew_crash 鈻呪枅鈻嗏杻鈻勨杻鈻冣杻鈻傗杽鈻傗杻鈻傗杺鈻冣杻鈻冣杻鈻冣杻鈻冣杺鈻傗杺鈻傗杹鈻傗杺鈻傗杻鈻傗杺鈻佲杹鈻傗杹鈻傗杹鈻傗杹
wandb:  Episode/rew_distance_absolute 鈻佲枂鈻嗏枀鈻嗏枃鈻団枃鈻団枃鈻団枃鈻団枃鈻堚枅鈻団枃鈻堚枅鈻堚枅鈻堚枅鈻堚枅鈻堚枅鈻堚枅鈻堚枅鈻堚枅鈻堚枅鈻堚枅鈻堚枅
wandb: Episode/rew_obstacle_proximity 鈻佲杹鈻佲杹鈻佲杹鈻佲杹鈻佲杹鈻佲杹鈻佲杹鈻佲杹鈻佲杹鈻佲杹鈻佲杹鈻佲杹鈻佲杹鈻佲杹鈻佲杹鈻佲杹鈻佲杹鈻佲杹鈻佲杹鈻佲杹
wandb:            Episode/rew_success 鈻佲杽鈻佲杹鈻堚杹鈻佲杹鈻佲杹鈻佲杹鈻佲杹鈻佲杹鈻佲杹鈻佲杹鈻佲杹鈻佲杹鈻佲杹鈻佲杹鈻佲杹鈻佲杹鈻佲杹鈻佲杹鈻佲杹鈻佲杹
wandb:                            +12 ...
wandb: 
wandb: Run summary:
wandb:         Episode/action_mean_ax 0.3799
wandb:         Episode/action_mean_ay -2.16135
wandb:       Episode/action_mean_ayaw -0.17482
wandb:         Episode/action_mean_az -19.81067
wandb: Episode/action_saturation_rate 19.92004
wandb:          Episode/obs_clip_rate 1.25123
wandb:              Episode/rew_crash -2.24635
wandb:  Episode/rew_distance_absolute -5.75992
wandb: Episode/rew_obstacle_proximity 0
wandb:            Episode/rew_success 0
wandb:                            +12 ...
wandb: 
wandb: 馃殌 View run tranformder_1stepSuccess at: https://wandb.ai/koe-f-no/obstacle-avoidance/runs/cdrjmtfp
wandb: 猸愶笍 View project at: https://wandb.ai/koe-f-no/obstacle-avoidance
wandb: Synced 5 W&B file(s), 0 media file(s), 0 artifact file(s) and 6 other file(s)
wandb: Find logs at: ./wandb/run-20260328_180733-cdrjmtfp/logs
