wandb: WARNING `start_method` is deprecated and will be removed in a future version of wandb. This setting is currently non-functional and safely ignored.
wandb: [wandb.login()] Loaded credentials for https://api.wandb.ai from /home/sc.uni-leipzig.de/fk67rahe/.netrc.
wandb: Currently logged in as: koe-f (koe-f-no) to https://api.wandb.ai. Use `wandb login --relogin` to force relogin
wandb: setting up run y09u35t1
wandb: Tracking run with wandb version 0.25.1
wandb: Run data is saved locally in /home/sc.uni-leipzig.de/fk67rahe/genesis_v04/prototyp_global_coordinate/wandb/run-20260330_171250-y09u35t1
wandb: Run `wandb offline` to turn off syncing.
wandb: Syncing run hochbett_03
wandb: 猸愶笍 View project at https://wandb.ai/koe-f-no/drone-landing
wandb: 馃殌 View run at https://wandb.ai/koe-f-no/drone-landing/runs/y09u35t1
wandb: WARNING Symlinked 1 file into the W&B run directory; call wandb.save again to sync new files.
wandb: WARNING Symlinked 1 file into the W&B run directory; call wandb.save again to sync new files.
wandb: WARNING Symlinked 1 file into the W&B run directory; call wandb.save again to sync new files.
wandb: WARNING Symlinked 1 file into the W&B run directory; call wandb.save again to sync new files.
wandb: WARNING Symlinked 1 file into the W&B run directory; call wandb.save again to sync new files.
wandb: updating run metadata
wandb: uploading model_400.pt; uploading output.log
wandb: uploading history steps 399-400, summary, console lines 11604-11633
wandb: 
wandb: Run history:
wandb:         Episode/action_mean_ax 鈻堚枂鈻勨杺鈻冣杺鈻傗杺鈻勨杺鈻冣杺鈻傗杹鈻冣杺鈻傗杺鈻傗杺鈻冣杺鈻傗杹鈻傗杺鈻佲杺鈻佲杹鈻傗杽鈻傗杹鈻冣杻鈻傗杺鈻傗杺
wandb:         Episode/action_mean_ay 鈻佲杻鈻呪枀鈻団枃鈻団枃鈻堚枃鈻団枃鈻団枃鈻堚枅鈻堚枃鈻団枃鈻堚枃鈻堚枃鈻団枅鈻堚枅鈻団枃鈻団枅鈻団枃鈻団枃鈻団枃鈻堚枅
wandb:       Episode/action_mean_ayaw 鈻佲杹鈻傗杺鈻傗杺鈻傗杺鈻傗杺鈻冣杻鈻勨杽鈻勨杻鈻冣杽鈻勨杽鈻勨杽鈻勨杽鈻呪枂鈻団枃鈻団枃鈻堚枅鈻堚枅鈻堚枅鈻堚枅鈻堚枅
wandb:         Episode/action_mean_az 鈻堚杺鈻佲杹鈻傗杺鈻傗杺鈻傗杺鈻傗杺鈻傗杺鈻傗杺鈻傗杺鈻傗杺鈻傗杺鈻傗杺鈻傗杺鈻傗杺鈻傗杺鈻傗杺鈻傗杺鈻傗杺鈻傗杺鈻傗杺
wandb: Episode/action_saturation_rate 鈻堚杻鈻冣杹鈻佲杹鈻佲杹鈻佲杹鈻佲杹鈻佲杹鈻佲杹鈻佲杹鈻佲杹鈻佲杹鈻佲杹鈻佲杹鈻佲杹鈻佲杹鈻佲杹鈻佲杹鈻佲杹鈻佲杹鈻佲杹
wandb:          Episode/obs_clip_rate 鈻堚杹鈻佲杹鈻佲杹鈻佲杹鈻佲杹鈻佲杹鈻佲杹鈻佲杹鈻佲杹鈻佲杹鈻佲杹鈻佲杹鈻佲杹鈻佲杹鈻佲杹鈻佲杹鈻佲杹鈻佲杹鈻佲杹鈻佲杹
wandb:              Episode/rew_crash 鈻堚枃鈻呪杹鈻団枅鈻堚枅鈻堚枅鈻堚枅鈻堚枅鈻堚枅鈻堚枅鈻堚枅鈻堚枅鈻堚枅鈻堚枅鈻堚枅鈻堚枅鈻堚枅鈻堚枅鈻堚枅鈻堚枅鈻堚枅
wandb:           Episode/rew_distance 鈻佲枃鈻堚枅鈻堚枅鈻堚枅鈻堚枅鈻堚枅鈻堚枅鈻堚枅鈻堚枅鈻堚枅鈻堚枅鈻堚枅鈻堚枅鈻堚枅鈻堚枅鈻堚枅鈻堚枅鈻堚枅鈻堚枅鈻堚枅
wandb:            Episode/rew_success 鈻佲杹鈻佲杹鈻佲杺鈻堚枅鈻堚枅鈻堚枅鈻堚枅鈻堚枅鈻堚枅鈻堚枅鈻堚枅鈻堚枅鈻堚枅鈻堚枅鈻堚枅鈻堚枅鈻堚枅鈻堚枅鈻堚枅鈻堚枅
wandb:               Episode/rew_time 鈻佲枃鈻団枃鈻団枅鈻堚枅鈻堚枅鈻堚枅鈻堚枅鈻堚枅鈻堚枅鈻堚枅鈻堚枅鈻堚枅鈻堚枅鈻堚枅鈻堚枅鈻堚枅鈻堚枅鈻堚枅鈻堚枅鈻堚枅
wandb:                            +11 ...
wandb: 
wandb: Run summary:
wandb:         Episode/action_mean_ax 0.03294
wandb:         Episode/action_mean_ay -0.25614
wandb:       Episode/action_mean_ayaw 12.72612
wandb:         Episode/action_mean_az -15.63149
wandb: Episode/action_saturation_rate 16.16946
wandb:          Episode/obs_clip_rate 0
wandb:              Episode/rew_crash 0
wandb:           Episode/rew_distance -6.43942
wandb:            Episode/rew_success 3.33333
wandb:               Episode/rew_time -0.1348
wandb:                            +11 ...
wandb: 
wandb: 馃殌 View run hochbett_03 at: https://wandb.ai/koe-f-no/drone-landing/runs/y09u35t1
wandb: 猸愶笍 View project at: https://wandb.ai/koe-f-no/drone-landing
wandb: Synced 5 W&B file(s), 0 media file(s), 0 artifact file(s) and 5 other file(s)
wandb: Find logs at: ./wandb/run-20260330_171250-y09u35t1/logs
