wandb: WARNING `start_method` is deprecated and will be removed in a future version of wandb. This setting is currently non-functional and safely ignored.
wandb: [wandb.login()] Loaded credentials for https://api.wandb.ai from /home/sc.uni-leipzig.de/fk67rahe/.netrc.
wandb: Currently logged in as: koe-f (koe-f-no) to https://api.wandb.ai. Use `wandb login --relogin` to force relogin
wandb: setting up run dohz24wr
wandb: Tracking run with wandb version 0.25.1
wandb: Run data is saved locally in /home/sc.uni-leipzig.de/fk67rahe/genesis_v04/prototyp_global_coordinate/wandb/run-20260321_091137-dohz24wr
wandb: Run `wandb offline` to turn off syncing.
wandb: Syncing run adjusted_scales
wandb: 猸愶笍 View project at https://wandb.ai/koe-f-no/drone-landing
wandb: 馃殌 View run at https://wandb.ai/koe-f-no/drone-landing/runs/dohz24wr
wandb: WARNING Symlinked 1 file into the W&B run directory; call wandb.save again to sync new files.
wandb: WARNING Symlinked 1 file into the W&B run directory; call wandb.save again to sync new files.
wandb: WARNING Symlinked 1 file into the W&B run directory; call wandb.save again to sync new files.
wandb: WARNING Symlinked 1 file into the W&B run directory; call wandb.save again to sync new files.
wandb: WARNING Symlinked 1 file into the W&B run directory; call wandb.save again to sync new files.
wandb: updating run metadata
wandb: uploading output.log; uploading config.yaml; uploading model_400.pt; uploading wandb-summary.json
wandb: uploading output.log; uploading model_400.pt
wandb: 
wandb: Run history:
wandb:         Episode/action_mean_ax 鈻冣杻鈻勨杽鈻呪枀鈻嗏枂鈻団枃鈻堚枅鈻勨杻鈻傗杹鈻傗杺鈻冣杻鈻冣杻鈻冣杻鈻傗杺鈻冣杺鈻傗杻鈻冣杺鈻傗杺鈻冣杺鈻傗杺鈻傗杺
wandb:         Episode/action_mean_ay 鈻佲杺鈻冣杽鈻勨枀鈻呪枃鈻団枅鈻嗏杺鈻傗杹鈻傗杹鈻傗杹鈻佲杹鈻傗杹鈻佲杺鈻佲杹鈻佲杹鈻佲杹鈻佲杹鈻佲杹鈻佲杹鈻佲杹鈻佲杹
wandb:       Episode/action_mean_ayaw 鈻佲杹鈻傗杽鈻団枅鈻団枂鈻呪枂鈻呪枂鈻嗏枂鈻嗏枂鈻嗏枀鈻勨杻鈻冣杻鈻冣杻鈻冣杻鈻冣杻鈻冣杻鈻冣杺鈻傗杺鈻冣杺鈻傗杺鈻傗杺
wandb:         Episode/action_mean_az 鈻勨枀鈻呪枀鈻呪枂鈻団枅鈻堚枅鈻堚枅鈻堚枃鈻勨杺鈻傗杹鈻佲杹鈻佲杹鈻佲杹鈻佲杺鈻傗杺鈻傗杺鈻傗杺鈻傗杺鈻傗杺鈻傗杺鈻傗杺
wandb: Episode/action_saturation_rate 鈻佲杹鈻佲杻鈻呪枅鈻堚枅鈻堚枅鈻堚枅鈻堚枅鈻団枂鈻呪枅鈻堚枅鈻堚枅鈻団杽鈻冣杻鈻冣杻鈻冣杻鈻冣杺鈻傗杺鈻傗杺鈻傗杺鈻傗杺
wandb:          Episode/obs_clip_rate 鈻呪枂鈻嗏枃鈻団枅鈻堚枅鈻堚枅鈻冣杹鈻佲杹鈻佲杹鈻佲杹鈻佲杹鈻佲杹鈻佲杹鈻佲杹鈻傗杺鈻傗杹鈻佲杹鈻傗杺鈻傗杺鈻傗杹鈻傗杺
wandb:              Episode/rew_crash 鈻堚枅鈻堚枅鈻団枃鈻団枅鈻堚枃鈻呪枀鈻嗏杹鈻堚枃鈻堚枅鈻堚枅鈻堚枅鈻堚枅鈻堚枅鈻堚枅鈻堚枅鈻堚枅鈻堚枅鈻堚枅鈻団枅鈻堚枅
wandb:           Episode/rew_distance 鈻嗏枂鈻冣杺鈻傗杹鈻佲杹鈻傗枀鈻団枃鈻団枃鈻団枅鈻堚枅鈻堚枅鈻堚枅鈻堚枅鈻堚枅鈻堚枅鈻堚枅鈻堚枅鈻堚枅鈻堚枅鈻堚枅鈻堚枅
wandb:            Episode/rew_success 鈻佲杹鈻佲杹鈻佲杹鈻佲杹鈻佲杹鈻佲杹鈻佲杹鈻佲杹鈻佲杹鈻佲杺鈻団枅鈻堚枅鈻堚枅鈻堚枅鈻堚枅鈻堚枅鈻堚枅鈻堚枅鈻堚枅鈻堚枅
wandb:               Episode/rew_time 鈻佲杹鈻佲杹鈻佲杹鈻佲杹鈻佲杹鈻佲杹鈻佲杺鈻冣杻鈻佲杽鈻佲杹鈻佲杹鈻勨枂鈻嗏枃鈻嗏枂鈻団枃鈻団枃鈻団枃鈻堚枅鈻堚枅鈻堚枅
wandb:                            +11 ...
wandb: 
wandb: Run summary:
wandb:         Episode/action_mean_ax -2.78523
wandb:         Episode/action_mean_ay 1.75654
wandb:       Episode/action_mean_ayaw 174.63452
wandb:         Episode/action_mean_az -339.23596
wandb: Episode/action_saturation_rate 381.1376
wandb:          Episode/obs_clip_rate 206.08234
wandb:              Episode/rew_crash -0.1768
wandb:           Episode/rew_distance -4.21818
wandb:            Episode/rew_success 6.31307
wandb:               Episode/rew_time -0.08418
wandb:                            +11 ...
wandb: 
wandb: 馃殌 View run adjusted_scales at: https://wandb.ai/koe-f-no/drone-landing/runs/dohz24wr
wandb: 猸愶笍 View project at: https://wandb.ai/koe-f-no/drone-landing
wandb: Synced 5 W&B file(s), 0 media file(s), 0 artifact file(s) and 5 other file(s)
wandb: Find logs at: ./wandb/run-20260321_091137-dohz24wr/logs
