wandb: WARNING `start_method` is deprecated and will be removed in a future version of wandb. This setting is currently non-functional and safely ignored.
wandb: [wandb.login()] Loaded credentials for https://api.wandb.ai from /home/sc.uni-leipzig.de/fk67rahe/.netrc.
wandb: Currently logged in as: koe-f (koe-f-no) to https://api.wandb.ai. Use `wandb login --relogin` to force relogin
wandb: setting up run twq4elmi
wandb: Tracking run with wandb version 0.25.1
wandb: Run data is saved locally in /home/sc.uni-leipzig.de/fk67rahe/genesis_v04/prototyp_global_coordinate/wandb/run-20260321_093108-twq4elmi
wandb: Run `wandb offline` to turn off syncing.
wandb: Syncing run adj_scales_2.0
wandb: 猸愶笍 View project at https://wandb.ai/koe-f-no/drone-landing
wandb: 馃殌 View run at https://wandb.ai/koe-f-no/drone-landing/runs/twq4elmi
wandb: WARNING Symlinked 1 file into the W&B run directory; call wandb.save again to sync new files.
wandb: WARNING Symlinked 1 file into the W&B run directory; call wandb.save again to sync new files.
wandb: WARNING Symlinked 1 file into the W&B run directory; call wandb.save again to sync new files.
wandb: WARNING Symlinked 1 file into the W&B run directory; call wandb.save again to sync new files.
wandb: WARNING Symlinked 1 file into the W&B run directory; call wandb.save again to sync new files.
wandb: updating run metadata
wandb: uploading config.yaml; uploading model_400.pt; uploading output.log; uploading wandb-summary.json
wandb: uploading model_400.pt; uploading output.log
wandb: uploading history steps 392-400, summary, console lines 11381-11633
wandb: 
wandb: Run history:
wandb:         Episode/action_mean_ax 鈻傗杹鈻佲杹鈻佲杹鈻佲杹鈻冣枅鈻堚枅鈻堚杽鈻傗杺鈻傗杺鈻傗杺鈻冣杺鈻冣杻鈻冣杺鈻冣杻鈻冣杻鈻冣杻鈻冣杻鈻冣杻鈻冣杻鈻冣杻
wandb:         Episode/action_mean_ay 鈻呪枂鈻団枅鈻堚枀鈻佲杹鈻冣枀鈻冣杻鈻冣杺鈻傗杺鈻傗杺鈻傗杺鈻傗杺鈻傗杺鈻傗杻鈻傗杺鈻傗杺鈻傗杹鈻傗杺鈻傗杺鈻傗杺鈻傗杺
wandb:       Episode/action_mean_ayaw 鈻呪枀鈻呪枀鈻嗏枂鈻嗏枅鈻堚枅鈻団枃鈻団杹鈻佲杹鈻傗杻鈻冣杻鈻傗杺鈻傗杻鈻冣杺鈻傗杻鈻傗杻鈻傗杻鈻冣杻鈻冣杻鈻冣杻鈻冣杻
wandb:         Episode/action_mean_az 鈻堚枅鈻嗏枂鈻嗏枂鈻嗏枂鈻嗏枀鈻勨杽鈻勨杺鈻傗杹鈻佲杹鈻佲杹鈻傗杻鈻冣杻鈻冣杻鈻冣杻鈻冣杽鈻勨杽鈻勨杽鈻勨杽鈻勨杽鈻勨杽
wandb: Episode/action_saturation_rate 鈻冣杽鈻勨枀鈻嗏枅鈻堚枅鈻堚枅鈻堚枅鈻堚枅鈻堚枃鈻堚枅鈻堚枅鈻堚杽鈻傗杺鈻傗杺鈻傗杺鈻傗杺鈻傗杹鈻佲杹鈻佲杹鈻佲杹鈻佲杹
wandb:          Episode/obs_clip_rate 鈻佲杹鈻佲杺鈻呪杻鈻冣枀鈻呪枅鈻嗏杽鈻冣杻鈻冣杹鈻佲杹鈻佲杹鈻佲杹鈻佲杹鈻佲杹鈻佲杹鈻佲杹鈻佲杹鈻佲杹鈻佲杹鈻佲杹鈻佲杹
wandb:              Episode/rew_crash 鈻堚枅鈻堚枅鈻堚枅鈻堚枅鈻佲枅鈻堚枅鈻堚枅鈻堚枅鈻堚枅鈻堚枅鈻堚枅鈻堚枅鈻団杺鈻傗枀鈻団枃鈻団枃鈻団枃鈻団枃鈻団枃鈻団枅
wandb:           Episode/rew_distance 鈻堚枂鈻冣杻鈻冣杻鈻冣杺鈻佲杹鈻傗杻鈻勨枂鈻団枃鈻団枃鈻団枅鈻堚枅鈻堚枅鈻堚枅鈻堚枅鈻堚枅鈻堚枅鈻堚枅鈻堚枅鈻堚枅鈻堚枅
wandb:            Episode/rew_success 鈻佲杹鈻佲杹鈻佲杹鈻佲杹鈻佲杹鈻佲杹鈻佲杹鈻佲杹鈻佲杹鈻佲杹鈻団枅鈻団枃鈻堚枅鈻堚枅鈻団枂鈻団枃鈻団枃鈻団枃鈻団枃鈻団枅
wandb:               Episode/rew_time 鈻堚枃鈻呪杹鈻佲杹鈻佲杹鈻佲杹鈻佲杹鈻佲枀鈻嗏枀鈻嗏枂鈻嗏枂鈻団枂鈻嗏枂鈻団枃鈻団枃鈻団枃鈻団枃鈻団枃鈻団枃鈻団枃鈻団枃
wandb:                            +11 ...
wandb: 
wandb: Run summary:
wandb:         Episode/action_mean_ax 20.75365
wandb:         Episode/action_mean_ay 1.11664
wandb:       Episode/action_mean_ayaw -220.31561
wandb:         Episode/action_mean_az -329.3089
wandb: Episode/action_saturation_rate 424.01575
wandb:          Episode/obs_clip_rate 36.53027
wandb:              Episode/rew_crash -0.37482
wandb:           Episode/rew_distance -4.88355
wandb:            Episode/rew_success 5.91703
wandb:               Episode/rew_time -0.10938
wandb:                            +11 ...
wandb: 
wandb: 馃殌 View run adj_scales_2.0 at: https://wandb.ai/koe-f-no/drone-landing/runs/twq4elmi
wandb: 猸愶笍 View project at: https://wandb.ai/koe-f-no/drone-landing
wandb: Synced 5 W&B file(s), 0 media file(s), 0 artifact file(s) and 5 other file(s)
wandb: Find logs at: ./wandb/run-20260321_093108-twq4elmi/logs
