wandb: WARNING `start_method` is deprecated and will be removed in a future version of wandb. This setting is currently non-functional and safely ignored.
wandb: [wandb.login()] Loaded credentials for https://api.wandb.ai from /home/sc.uni-leipzig.de/fk67rahe/.netrc.
wandb: Currently logged in as: koe-f (koe-f-no) to https://api.wandb.ai. Use `wandb login --relogin` to force relogin
wandb: setting up run i1ip4kp5
wandb: Tracking run with wandb version 0.25.1
wandb: Run data is saved locally in /home/sc.uni-leipzig.de/fk67rahe/genesis_v04/prototyp_global_coordinate/wandb/run-20260325_171028-i1ip4kp5
wandb: Run `wandb offline` to turn off syncing.
wandb: Syncing run less_decision_freq
wandb: 猸愶笍 View project at https://wandb.ai/koe-f-no/drone-landing
wandb: 馃殌 View run at https://wandb.ai/koe-f-no/drone-landing/runs/i1ip4kp5
wandb: WARNING Symlinked 1 file into the W&B run directory; call wandb.save again to sync new files.
wandb: WARNING Symlinked 1 file into the W&B run directory; call wandb.save again to sync new files.
wandb: WARNING Symlinked 1 file into the W&B run directory; call wandb.save again to sync new files.
wandb: WARNING Symlinked 1 file into the W&B run directory; call wandb.save again to sync new files.
wandb: WARNING Symlinked 1 file into the W&B run directory; call wandb.save again to sync new files.
wandb: updating run metadata
wandb: uploading model_400.pt; uploading output.log; uploading wandb-summary.json; uploading config.yaml
wandb: uploading model_400.pt; uploading output.log
wandb: 
wandb: Run history:
wandb:         Episode/action_mean_ax 鈻傗杻鈻勨杽鈻勨杽鈻勨杽鈻勨杽鈻勨杻鈻冣杻鈻冣杺鈻傗杺鈻傗杺鈻傗杺鈻傗枀鈻堚枃鈻嗏杻鈻傗杻鈻傗杺鈻傗杺鈻傗杹鈻傗杹鈻佲杺
wandb:         Episode/action_mean_ay 鈻冣杽鈻冣杹鈻佲杹鈻佲杹鈻佲杺鈻傗杺鈻傗杺鈻佲杺鈻傗杺鈻傗杺鈻冣杻鈻冣杻鈻冣杺鈻呪枀鈻呪枂鈻嗏枃鈻団枃鈻団枃鈻堚枅鈻堚枅
wandb:       Episode/action_mean_ayaw 鈻嗏枂鈻嗏枂鈻嗏枂鈻嗏枂鈻呪枀鈻呪枀鈻呪枀鈻呪枀鈻呪枀鈻呪枀鈻呪枂鈻堚杻鈻傗杹鈻佲杺鈻佲杺鈻傗杺鈻傗杺鈻傗杺鈻傗杺鈻傗杺
wandb:         Episode/action_mean_az 鈻堚枂鈻嗏枂鈻嗏枂鈻嗏枂鈻嗏枂鈻嗏枂鈻嗏枂鈻嗏枂鈻嗏枂鈻嗏枂鈻嗏枂鈻嗏枂鈻嗏枂鈻嗏枀鈻勨杻鈻傗杺鈻傗杺鈻佲杹鈻佲杹鈻佲杹
wandb: Episode/action_saturation_rate 鈻佲杹鈻佲杹鈻佲杹鈻佲杹鈻佲杹鈻佲杹鈻佲杹鈻佲杹鈻佲杹鈻佲杹鈻佲枂鈻嗏枂鈻嗏枃鈻嗏枂鈻嗏枂鈻団枂鈻団枃鈻嗏枃鈻団枃鈻団枅
wandb:          Episode/obs_clip_rate 鈻佲杻鈻勨枀鈻嗏枅鈻堚枅鈻堚枅鈻堚枅鈻堚枅鈻堚枃鈻団枃鈻嗏枂鈻嗏枂鈻嗏枂鈻嗏枀鈻呪枀鈻呪枀鈻呪枂鈻嗏枂鈻嗏枂鈻嗏枂鈻嗏枂
wandb:              Episode/rew_crash 鈻佲杹鈻佲杹鈻佲杹鈻佲杹鈻佲杹鈻佲杹鈻佲杹鈻佲杹鈻佲杹鈻佲杹鈻団枅鈻堚枅鈻堚枅鈻堚枅鈻堚枅鈻堚枅鈻堚枅鈻堚枅鈻堚枅鈻堚枅
wandb:           Episode/rew_distance 鈻佲杻鈻嗏枂鈻団枃鈻団枃鈻団枃鈻堚枅鈻堚枅鈻堚枅鈻堚枅鈻堚枅鈻団枃鈻勨杹鈻傗杽鈻嗏枂鈻団枃鈻団枅鈻堚枅鈻堚枅鈻堚枅鈻堚枅
wandb:            Episode/rew_success 鈻佲杹鈻佲杹鈻佲杹鈻佲杹鈻佲杹鈻佲杹鈻佲杹鈻佲杹鈻佲杹鈻佲杹鈻佲杹鈻佲杹鈻佲杹鈻佲杹鈻佲杹鈻佲杹鈻佲杹鈻佲杹鈻佲杹鈻佲杹
wandb:               Episode/rew_time 鈻嗏枃鈻堚枅鈻堚枅鈻堚枅鈻堚枅鈻堚枅鈻堚枅鈻堚枅鈻堚枅鈻堚枅鈻堚枅鈻堚枃鈻団杹鈻佲杹鈻佲杹鈻佲杹鈻佲杹鈻佲杹鈻佲杹鈻佲杹
wandb:                            +11 ...
wandb: 
wandb: Run summary:
wandb:         Episode/action_mean_ax 0.07488
wandb:         Episode/action_mean_ay 3.70885
wandb:       Episode/action_mean_ayaw -3.00597
wandb:         Episode/action_mean_az -48.93626
wandb: Episode/action_saturation_rate 83.41093
wandb:          Episode/obs_clip_rate 9.39306
wandb:              Episode/rew_crash 0
wandb:           Episode/rew_distance -3.50828
wandb:            Episode/rew_success 0
wandb:               Episode/rew_time -0.50417
wandb:                            +11 ...
wandb: 
wandb: 馃殌 View run less_decision_freq at: https://wandb.ai/koe-f-no/drone-landing/runs/i1ip4kp5
wandb: 猸愶笍 View project at: https://wandb.ai/koe-f-no/drone-landing
wandb: Synced 5 W&B file(s), 0 media file(s), 0 artifact file(s) and 5 other file(s)
wandb: Find logs at: ./wandb/run-20260325_171028-i1ip4kp5/logs
